#
# There is insufficient memory for the Java Runtime Environment to continue.
# Native memory allocation (mmap) failed to map 65536 bytes for Failed to commit metaspace.
# Possible reasons:
#   The system is out of physical RAM or swap space
#   The process is running with CompressedOops enabled, and the Java Heap may be blocking the growth of the native heap
# Possible solutions:
#   Reduce memory load on the system
#   Increase physical memory or swap space
#   Check if swap backing store is full
#   Decrease Java heap size (-Xmx/-Xms)
#   Decrease number of Java threads
#   Decrease Java thread stack sizes (-Xss)
#   Set larger code cache with -XX:ReservedCodeCacheSize=
#   JVM is running with Unscaled Compressed Oops mode in which the Java heap is
#     placed in the first 4GB address space. The Java Heap base address is the
#     maximum limit for the native heap growth. Please use -XX:HeapBaseMinAddress
#     to set the Java Heap base and to place the Java Heap above 4GB virtual address.
# This output file may be truncated or incomplete.
#
#  Out of Memory Error (virtualSpaceNode.cpp:112), pid=19480, tid=6276
#
# JRE version: Java(TM) SE Runtime Environment (21.0.1+12) (build 21.0.1+12-LTS-29)
# Java VM: Java HotSpot(TM) 64-Bit Server VM (21.0.1+12-LTS-29, mixed mode, sharing, tiered, compressed oops, compressed class ptrs, g1 gc, windows-amd64)
# No core dump will be written. Minidumps are not enabled by default on client versions of Windows
#

---------------  S U M M A R Y ------------

Command Line: --enable-native-access=ALL-UNNAMED -Dclassworlds.conf=C:\Program Files\apache-maven-3.9.10\bin\m2.conf -Dmaven.home=C:\Program Files\apache-maven-3.9.10 -Dlibrary.jansi.path=C:\Program Files\apache-maven-3.9.10\lib\jansi-native -Dmaven.multiModuleProjectDirectory=D:\Surekha\OpencartV121 org.codehaus.plexus.classworlds.launcher.Launcher test

Host: Intel(R) Core(TM) i5-7200U CPU @ 2.50GHz, 4 cores, 3G,  Windows 10 , 64 bit Build 19041 (10.0.19041.5915)
Time: Thu Jul  3 18:31:12 2025 India Standard Time elapsed time: 34.178139 seconds (0d 0h 0m 34s)

---------------  T H R E A D  ---------------

Current thread (0x000001dcfb725d30):  JavaThread "C1 CompilerThread0" daemon [_thread_in_vm, id=6276, stack(0x0000000101500000,0x0000000101600000) (1024K)]


Current CompileTask:
C1:  34178 7583   !   3       org.apache.maven.surefire.stream.EventDecoder::decode (399 bytes)

Stack: [0x0000000101500000,0x0000000101600000]
Native frames: (J=compiled Java code, j=interpreted, Vv=VM code, C=native code)
V  [jvm.dll+0x6c9029]
V  [jvm.dll+0x854b81]
V  [jvm.dll+0x856e5e]
V  [jvm.dll+0x857543]
V  [jvm.dll+0x280c06]
V  [jvm.dll+0x8508ae]
V  [jvm.dll+0x66ca45]
V  [jvm.dll+0x1e677c]
V  [jvm.dll+0x1e654e]
V  [jvm.dll+0x66f35c]
V  [jvm.dll+0x66f172]
V  [jvm.dll+0x66d41e]
V  [jvm.dll+0x67e69a]
V  [jvm.dll+0x677932]
V  [jvm.dll+0x1f4390]
V  [jvm.dll+0x1f4578]
V  [jvm.dll+0x166926]
V  [jvm.dll+0x166776]
V  [jvm.dll+0x15e298]
V  [jvm.dll+0x16050d]
V  [jvm.dll+0x15ea3c]
V  [jvm.dll+0x1672e2]
V  [jvm.dll+0x166776]
V  [jvm.dll+0x15e298]
V  [jvm.dll+0x16050d]
V  [jvm.dll+0x15eb35]
V  [jvm.dll+0x15884e]
V  [jvm.dll+0x168436]
V  [jvm.dll+0x153c00]
V  [jvm.dll+0x153f83]
V  [jvm.dll+0x154244]
V  [jvm.dll+0x153686]
V  [jvm.dll+0x1553ed]
V  [jvm.dll+0x2586b9]
V  [jvm.dll+0x256c9a]
V  [jvm.dll+0x3ef1b6]
V  [jvm.dll+0x7fd728]
V  [jvm.dll+0x6c777d]
C  [ucrtbase.dll+0x21bb2]
C  [KERNEL32.DLL+0x17374]
C  [ntdll.dll+0x4cc91]


---------------  P R O C E S S  ---------------

Threads class SMR info:
_java_thread_list=0x000001dcc6eca5d0, length=18, elements={
0x000001dcde9cce10, 0x000001dce0b7d630, 0x000001dce0b7e350, 0x000001dcfb71c4c0,
0x000001dcfb71d1a0, 0x000001dcfb7207c0, 0x000001dcfb7219c0, 0x000001dcfb728440,
0x000001dcfb725d30, 0x000001dcc51f3e70, 0x000001dcc51f62e0, 0x000001dcc60ecc20,
0x000001dcc85347c0, 0x000001dcc6fdeef0, 0x000001dcc6c85e70, 0x000001dcc716e480,
0x000001dcc716eaf0, 0x000001dcc63ee900
}

Java Threads: ( => current thread )
  0x000001dcde9cce10 JavaThread "main"                              [_thread_in_vm, id=18572, stack(0x0000000100600000,0x0000000100700000) (1024K)]
  0x000001dce0b7d630 JavaThread "Reference Handler"          daemon [_thread_blocked, id=14824, stack(0x0000000100e00000,0x0000000100f00000) (1024K)]
  0x000001dce0b7e350 JavaThread "Finalizer"                  daemon [_thread_blocked, id=12988, stack(0x0000000100f00000,0x0000000101000000) (1024K)]
  0x000001dcfb71c4c0 JavaThread "Signal Dispatcher"          daemon [_thread_blocked, id=20288, stack(0x0000000101000000,0x0000000101100000) (1024K)]
  0x000001dcfb71d1a0 JavaThread "Attach Listener"            daemon [_thread_blocked, id=9956, stack(0x0000000101100000,0x0000000101200000) (1024K)]
  0x000001dcfb7207c0 JavaThread "Service Thread"             daemon [_thread_blocked, id=18268, stack(0x0000000101200000,0x0000000101300000) (1024K)]
  0x000001dcfb7219c0 JavaThread "Monitor Deflation Thread"   daemon [_thread_blocked, id=12740, stack(0x0000000101300000,0x0000000101400000) (1024K)]
  0x000001dcfb728440 JavaThread "C2 CompilerThread0"         daemon [_thread_blocked, id=20552, stack(0x0000000101400000,0x0000000101500000) (1024K)]
=>0x000001dcfb725d30 JavaThread "C1 CompilerThread0"         daemon [_thread_in_vm, id=6276, stack(0x0000000101500000,0x0000000101600000) (1024K)]
  0x000001dcc51f3e70 JavaThread "Notification Thread"        daemon [_thread_blocked, id=7444, stack(0x0000000101600000,0x0000000101700000) (1024K)]
  0x000001dcc51f62e0 JavaThread "Common-Cleaner"             daemon [_thread_blocked, id=5772, stack(0x0000000101700000,0x0000000101800000) (1024K)]
  0x000001dcc60ecc20 JavaThread "Thread-1"                   daemon [_thread_blocked, id=17444, stack(0x0000000101b00000,0x0000000101c00000) (1024K)]
  0x000001dcc85347c0 JavaThread "timeout-check-timer"        daemon [_thread_blocked, id=21108, stack(0x0000000101c00000,0x0000000101d00000) (1024K)]
  0x000001dcc6fdeef0 JavaThread "ping-timer-10s"             daemon [_thread_blocked, id=17724, stack(0x0000000101d00000,0x0000000101e00000) (1024K)]
  0x000001dcc6c85e70 JavaThread "ThreadedStreamConsumer"     daemon [_thread_blocked, id=11404, stack(0x0000000101e00000,0x0000000101f00000) (1024K)]
  0x000001dcc716e480 JavaThread "fork-1-err-thread"          daemon [_thread_in_vm, id=21572, stack(0x0000000101f00000,0x0000000102000000) (1024K)]
  0x000001dcc716eaf0 JavaThread "commands-fork-1"            daemon [_thread_blocked, id=15088, stack(0x0000000102000000,0x0000000102100000) (1024K)]
  0x000001dcc63ee900 JavaThread "fork-1-event-thread"        daemon [_thread_in_vm, id=2292, stack(0x0000000102100000,0x0000000102200000) (1024K)]
Total: 18

Other Threads:
  0x000001dce0b6a870 VMThread "VM Thread"                           [id=19168, stack(0x0000000100d00000,0x0000000100e00000) (1024K)]
  0x000001dcfb70a200 WatcherThread "VM Periodic Task Thread"        [id=11780, stack(0x0000000100c00000,0x0000000100d00000) (1024K)]
  0x000001dce0ae4e00 WorkerThread "GC Thread#0"                     [id=10608, stack(0x0000000100700000,0x0000000100800000) (1024K)]
  0x000001dcc5bc4030 WorkerThread "GC Thread#1"                     [id=19948, stack(0x0000000101800000,0x0000000101900000) (1024K)]
  0x000001dcc5b87460 WorkerThread "GC Thread#2"                     [id=20448, stack(0x0000000101900000,0x0000000101a00000) (1024K)]
  0x000001dcc57bc190 WorkerThread "GC Thread#3"                     [id=976, stack(0x0000000101a00000,0x0000000101b00000) (1024K)]
  0x000001dce0aedb60 ConcurrentGCThread "G1 Main Marker"            [id=4588, stack(0x0000000100800000,0x0000000100900000) (1024K)]
  0x000001dce0aee470 WorkerThread "G1 Conc#0"                       [id=16248, stack(0x0000000100900000,0x0000000100a00000) (1024K)]
  0x000001dce0b428e0 ConcurrentGCThread "G1 Refine#0"               [id=21148, stack(0x0000000100a00000,0x0000000100b00000) (1024K)]
  0x000001dce0b43260 ConcurrentGCThread "G1 Service"                [id=13512, stack(0x0000000100b00000,0x0000000100c00000) (1024K)]
Total: 10

Threads with active compile tasks:
C1 CompilerThread0    34249 7583   !   3       org.apache.maven.surefire.stream.EventDecoder::decode (399 bytes)
Total: 1

VM state: not at safepoint (normal execution)

VM Mutex/Monitor currently owned by a thread:  ([mutex/lock_event])
[0x00007ffd2b4e8578] Metaspace_lock - owner thread: 0x000001dcfb725d30

Heap address: 0x00000000c1600000, size: 1002 MB, Compressed Oops mode: 32-bit

CDS archive(s) mapped at: [0x000001dc80000000-0x000001dc80c90000-0x000001dc80c90000), size 13172736, SharedBaseAddress: 0x000001dc80000000, ArchiveRelocationMode: 1.
Compressed class space mapped at: 0x000001dc81000000-0x000001dcc1000000, reserved size: 1073741824
Narrow klass base: 0x000001dc80000000, Narrow klass shift: 0, Narrow klass range: 0x100000000

GC Precious Log:
 CardTable entry size: 512
 Card Set container configuration: InlinePtr #cards 5 size 8 Array Of Cards #cards 12 size 40 Howl #buckets 4 coarsen threshold 1843 Howl Bitmap #cards 512 size 80 coarsen threshold 460 Card regions per heap region 1 cards per card region 2048
 CPUs: 4 total, 4 available
 Memory: 4007M
 Large Page Support: Disabled
 NUMA Support: Disabled
 Compressed Oops: Enabled (32-bit)
 Heap Region Size: 1M
 Heap Min Capacity: 8M
 Heap Initial Capacity: 64M
 Heap Max Capacity: 1002M
 Pre-touch: Disabled
 Parallel Workers: 4
 Concurrent Workers: 1
 Concurrent Refinement Workers: 4
 Periodic GC: Disabled

Heap:
 garbage-first heap   total 69632K, used 57852K [0x00000000c1600000, 0x0000000100000000)
  region size 1024K, 22 young (22528K), 2 survivors (2048K)
 Metaspace       used 33130K, committed 33472K, reserved 1114112K
  class space    used 3693K, committed 3840K, reserved 1048576K

Heap Regions: E=young(eden), S=young(survivor), O=old, HS=humongous(starts), HC=humongous(continues), CS=collection set, F=free, TAMS=top-at-mark-start, PB=parsable bottom
|   0|0x00000000c1600000, 0x00000000c1700000, 0x00000000c1700000|100%| O|  |TAMS 0x00000000c1600000| PB 0x00000000c1600000| Untracked 
|   1|0x00000000c1700000, 0x00000000c1800000, 0x00000000c1800000|100%| O|  |TAMS 0x00000000c1700000| PB 0x00000000c1700000| Untracked 
|   2|0x00000000c1800000, 0x00000000c1900000, 0x00000000c1900000|100%| O|  |TAMS 0x00000000c1800000| PB 0x00000000c1800000| Untracked 
|   3|0x00000000c1900000, 0x00000000c1a00000, 0x00000000c1a00000|100%| O|  |TAMS 0x00000000c1900000| PB 0x00000000c1900000| Untracked 
|   4|0x00000000c1a00000, 0x00000000c1b00000, 0x00000000c1b00000|100%| O|  |TAMS 0x00000000c1a00000| PB 0x00000000c1a00000| Untracked 
|   5|0x00000000c1b00000, 0x00000000c1c00000, 0x00000000c1c00000|100%| O|  |TAMS 0x00000000c1b00000| PB 0x00000000c1b00000| Untracked 
|   6|0x00000000c1c00000, 0x00000000c1d00000, 0x00000000c1d00000|100%| O|  |TAMS 0x00000000c1c00000| PB 0x00000000c1c00000| Untracked 
|   7|0x00000000c1d00000, 0x00000000c1e00000, 0x00000000c1e00000|100%| O|  |TAMS 0x00000000c1d00000| PB 0x00000000c1d00000| Untracked 
|   8|0x00000000c1e00000, 0x00000000c1f00000, 0x00000000c1f00000|100%| O|  |TAMS 0x00000000c1e00000| PB 0x00000000c1e00000| Untracked 
|   9|0x00000000c1f00000, 0x00000000c2000000, 0x00000000c2000000|100%| O|  |TAMS 0x00000000c1f00000| PB 0x00000000c1f00000| Untracked 
|  10|0x00000000c2000000, 0x00000000c2100000, 0x00000000c2100000|100%| O|Cm|TAMS 0x00000000c2000000| PB 0x00000000c2000000| Complete 
|  11|0x00000000c2100000, 0x00000000c2200000, 0x00000000c2200000|100%| O|Cm|TAMS 0x00000000c2100000| PB 0x00000000c2100000| Complete 
|  12|0x00000000c2200000, 0x00000000c2300000, 0x00000000c2300000|100%| O|  |TAMS 0x00000000c2200000| PB 0x00000000c2200000| Untracked 
|  13|0x00000000c2300000, 0x00000000c2400000, 0x00000000c2400000|100%| O|  |TAMS 0x00000000c2300000| PB 0x00000000c2300000| Untracked 
|  14|0x00000000c2400000, 0x00000000c2500000, 0x00000000c2500000|100%| O|  |TAMS 0x00000000c2400000| PB 0x00000000c2400000| Untracked 
|  15|0x00000000c2500000, 0x00000000c2600000, 0x00000000c2600000|100%| O|  |TAMS 0x00000000c2500000| PB 0x00000000c2500000| Untracked 
|  16|0x00000000c2600000, 0x00000000c2700000, 0x00000000c2700000|100%| O|Cm|TAMS 0x00000000c2600000| PB 0x00000000c2600000| Complete 
|  17|0x00000000c2700000, 0x00000000c2800000, 0x00000000c2800000|100%| O|  |TAMS 0x00000000c2700000| PB 0x00000000c2700000| Untracked 
|  18|0x00000000c2800000, 0x00000000c2900000, 0x00000000c2900000|100%|HS|  |TAMS 0x00000000c2800000| PB 0x00000000c2800000| Complete 
|  19|0x00000000c2900000, 0x00000000c2a00000, 0x00000000c2a00000|100%| O|  |TAMS 0x00000000c2900000| PB 0x00000000c2900000| Untracked 
|  20|0x00000000c2a00000, 0x00000000c2b00000, 0x00000000c2b00000|100%| O|  |TAMS 0x00000000c2a00000| PB 0x00000000c2a00000| Untracked 
|  21|0x00000000c2b00000, 0x00000000c2c00000, 0x00000000c2c00000|100%| O|Cm|TAMS 0x00000000c2b00000| PB 0x00000000c2b00000| Complete 
|  22|0x00000000c2c00000, 0x00000000c2d00000, 0x00000000c2d00000|100%| O|Cm|TAMS 0x00000000c2c00000| PB 0x00000000c2c00000| Complete 
|  23|0x00000000c2d00000, 0x00000000c2e00000, 0x00000000c2e00000|100%| O|Cm|TAMS 0x00000000c2d00000| PB 0x00000000c2d00000| Complete 
|  24|0x00000000c2e00000, 0x00000000c2f00000, 0x00000000c2f00000|100%| O|Cm|TAMS 0x00000000c2e00000| PB 0x00000000c2e00000| Complete 
|  25|0x00000000c2f00000, 0x00000000c3000000, 0x00000000c3000000|100%| O|Cm|TAMS 0x00000000c2f00000| PB 0x00000000c2f00000| Complete 
|  26|0x00000000c3000000, 0x00000000c3100000, 0x00000000c3100000|100%| O|  |TAMS 0x00000000c3000000| PB 0x00000000c3000000| Untracked 
|  27|0x00000000c3100000, 0x00000000c3200000, 0x00000000c3200000|100%| O|Cm|TAMS 0x00000000c3100000| PB 0x00000000c3100000| Complete 
|  28|0x00000000c3200000, 0x00000000c3300000, 0x00000000c3300000|100%| O|Cm|TAMS 0x00000000c3200000| PB 0x00000000c3200000| Complete 
|  29|0x00000000c3300000, 0x00000000c3400000, 0x00000000c3400000|100%| O|  |TAMS 0x00000000c3300000| PB 0x00000000c3300000| Untracked 
|  30|0x00000000c3400000, 0x00000000c3500000, 0x00000000c3500000|100%| O|  |TAMS 0x00000000c3400000| PB 0x00000000c3400000| Untracked 
|  31|0x00000000c3500000, 0x00000000c3600000, 0x00000000c3600000|100%| O|  |TAMS 0x00000000c3500000| PB 0x00000000c3500000| Untracked 
|  32|0x00000000c3600000, 0x00000000c363c8a0, 0x00000000c3700000| 23%| O|  |TAMS 0x00000000c3600000| PB 0x00000000c3600000| Untracked 
|  33|0x00000000c3700000, 0x00000000c3700000, 0x00000000c3800000|  0%| F|  |TAMS 0x00000000c3700000| PB 0x00000000c3700000| Untracked 
|  34|0x00000000c3800000, 0x00000000c3800000, 0x00000000c3900000|  0%| F|  |TAMS 0x00000000c3800000| PB 0x00000000c3800000| Untracked 
|  35|0x00000000c3900000, 0x00000000c3900000, 0x00000000c3a00000|  0%| F|  |TAMS 0x00000000c3900000| PB 0x00000000c3900000| Untracked 
|  36|0x00000000c3a00000, 0x00000000c3a00000, 0x00000000c3b00000|  0%| F|  |TAMS 0x00000000c3a00000| PB 0x00000000c3a00000| Untracked 
|  37|0x00000000c3b00000, 0x00000000c3b00000, 0x00000000c3c00000|  0%| F|  |TAMS 0x00000000c3b00000| PB 0x00000000c3b00000| Untracked 
|  38|0x00000000c3c00000, 0x00000000c3c427a8, 0x00000000c3d00000| 25%| S|CS|TAMS 0x00000000c3c00000| PB 0x00000000c3c00000| Complete 
|  39|0x00000000c3d00000, 0x00000000c3d00000, 0x00000000c3e00000|  0%| F|  |TAMS 0x00000000c3d00000| PB 0x00000000c3d00000| Untracked 
|  40|0x00000000c3e00000, 0x00000000c3e00000, 0x00000000c3f00000|  0%| F|  |TAMS 0x00000000c3e00000| PB 0x00000000c3e00000| Untracked 
|  41|0x00000000c3f00000, 0x00000000c4000000, 0x00000000c4000000|100%| S|CS|TAMS 0x00000000c3f00000| PB 0x00000000c3f00000| Complete 
|  42|0x00000000c4000000, 0x00000000c4000000, 0x00000000c4100000|  0%| F|  |TAMS 0x00000000c4000000| PB 0x00000000c4000000| Untracked 
|  43|0x00000000c4100000, 0x00000000c4200000, 0x00000000c4200000|100%| E|  |TAMS 0x00000000c4100000| PB 0x00000000c4100000| Complete 
|  44|0x00000000c4200000, 0x00000000c4300000, 0x00000000c4300000|100%| E|CS|TAMS 0x00000000c4200000| PB 0x00000000c4200000| Complete 
|  45|0x00000000c4300000, 0x00000000c4400000, 0x00000000c4400000|100%| E|CS|TAMS 0x00000000c4300000| PB 0x00000000c4300000| Complete 
|  46|0x00000000c4400000, 0x00000000c4500000, 0x00000000c4500000|100%| E|CS|TAMS 0x00000000c4400000| PB 0x00000000c4400000| Complete 
|  47|0x00000000c4500000, 0x00000000c4600000, 0x00000000c4600000|100%| E|CS|TAMS 0x00000000c4500000| PB 0x00000000c4500000| Complete 
|  48|0x00000000c4600000, 0x00000000c4700000, 0x00000000c4700000|100%| E|CS|TAMS 0x00000000c4600000| PB 0x00000000c4600000| Complete 
|  49|0x00000000c4700000, 0x00000000c4800000, 0x00000000c4800000|100%| E|CS|TAMS 0x00000000c4700000| PB 0x00000000c4700000| Complete 
|  50|0x00000000c4800000, 0x00000000c4900000, 0x00000000c4900000|100%| E|CS|TAMS 0x00000000c4800000| PB 0x00000000c4800000| Complete 
|  51|0x00000000c4900000, 0x00000000c4a00000, 0x00000000c4a00000|100%| E|CS|TAMS 0x00000000c4900000| PB 0x00000000c4900000| Complete 
|  52|0x00000000c4a00000, 0x00000000c4b00000, 0x00000000c4b00000|100%| E|CS|TAMS 0x00000000c4a00000| PB 0x00000000c4a00000| Complete 
|  53|0x00000000c4b00000, 0x00000000c4c00000, 0x00000000c4c00000|100%| E|CS|TAMS 0x00000000c4b00000| PB 0x00000000c4b00000| Complete 
|  54|0x00000000c4c00000, 0x00000000c4d00000, 0x00000000c4d00000|100%| E|CS|TAMS 0x00000000c4c00000| PB 0x00000000c4c00000| Complete 
|  55|0x00000000c4d00000, 0x00000000c4e00000, 0x00000000c4e00000|100%| E|CS|TAMS 0x00000000c4d00000| PB 0x00000000c4d00000| Complete 
|  56|0x00000000c4e00000, 0x00000000c4f00000, 0x00000000c4f00000|100%| E|CS|TAMS 0x00000000c4e00000| PB 0x00000000c4e00000| Complete 
|  57|0x00000000c4f00000, 0x00000000c5000000, 0x00000000c5000000|100%| E|CS|TAMS 0x00000000c4f00000| PB 0x00000000c4f00000| Complete 
|  58|0x00000000c5000000, 0x00000000c5100000, 0x00000000c5100000|100%| E|CS|TAMS 0x00000000c5000000| PB 0x00000000c5000000| Complete 
|  59|0x00000000c5100000, 0x00000000c5200000, 0x00000000c5200000|100%| E|CS|TAMS 0x00000000c5100000| PB 0x00000000c5100000| Complete 
|  60|0x00000000c5200000, 0x00000000c5300000, 0x00000000c5300000|100%| E|CS|TAMS 0x00000000c5200000| PB 0x00000000c5200000| Complete 
|  63|0x00000000c5500000, 0x00000000c5600000, 0x00000000c5600000|100%| E|  |TAMS 0x00000000c5500000| PB 0x00000000c5500000| Complete 
| 996|0x00000000ffa00000, 0x00000000ffb00000, 0x00000000ffb00000|100%| E|CS|TAMS 0x00000000ffa00000| PB 0x00000000ffa00000| Complete 
| 997|0x00000000ffb00000, 0x00000000ffc00000, 0x00000000ffc00000|100%| O|  |TAMS 0x00000000ffb00000| PB 0x00000000ffb00000| Untracked 
| 998|0x00000000ffc00000, 0x00000000ffd00000, 0x00000000ffd00000|100%| O|  |TAMS 0x00000000ffc00000| PB 0x00000000ffc00000| Untracked 
| 999|0x00000000ffd00000, 0x00000000ffe00000, 0x00000000ffe00000|100%| O|  |TAMS 0x00000000ffd00000| PB 0x00000000ffd00000| Untracked 
|1000|0x00000000ffe00000, 0x00000000fff00000, 0x00000000fff00000|100%| O|Cm|TAMS 0x00000000ffe00000| PB 0x00000000ffe00000| Complete 
|1001|0x00000000fff00000, 0x0000000100000000, 0x0000000100000000|100%| O|Cm|TAMS 0x00000000fff00000| PB 0x00000000fff00000| Complete 

Card table byte_map: [0x000001dcf8110000,0x000001dcf8310000] _byte_map_base: 0x000001dcf7b05000

Marking Bits: (CMBitMap*) 0x000001dce0ae5310
 Bits: [0x000001dcf8310000, 0x000001dcf92b8000)

Polling page: 0x000001dcdeac0000

Metaspace:

Usage:
  Non-class:     28.75 MB used.
      Class:      3.61 MB used.
       Both:     32.35 MB used.

Virtual space:
  Non-class space:       64.00 MB reserved,      28.94 MB ( 45%) committed,  1 nodes.
      Class space:        1.00 GB reserved,       3.75 MB ( <1%) committed,  1 nodes.
             Both:        1.06 GB reserved,      32.69 MB (  3%) committed. 

Chunk freelists:
   Non-Class:  2.98 MB
       Class:  12.27 MB
        Both:  15.25 MB

MaxMetaspaceSize: unlimited
CompressedClassSpaceSize: 1.00 GB
Initial GC threshold: 21.00 MB
Current GC threshold: 49.31 MB
CDS: on
 - commit_granule_bytes: 65536.
 - commit_granule_words: 8192.
 - virtual_space_node_default_size: 8388608.
 - enlarge_chunks_in_place: 1.
 - use_allocation_guard: 0.


Internal statistics:

num_allocs_failed_limit: 6.
num_arena_births: 332.
num_arena_deaths: 0.
num_vsnodes_births: 2.
num_vsnodes_deaths: 0.
num_space_committed: 523.
num_space_uncommitted: 0.
num_chunks_returned_to_freelist: 6.
num_chunks_taken_from_freelist: 1485.
num_chunk_merges: 6.
num_chunk_splits: 1069.
num_chunks_enlarged: 850.
num_inconsistent_stats: 0.

CodeHeap 'non-profiled nmethods': size=120000Kb used=3046Kb max_used=3046Kb free=116953Kb
 bounds [0x000001dcf09e0000, 0x000001dcf0ce0000, 0x000001dcf7f10000]
CodeHeap 'profiled nmethods': size=120000Kb used=14561Kb max_used=14561Kb free=105438Kb
 bounds [0x000001dce8f10000, 0x000001dce9d50000, 0x000001dcf0440000]
CodeHeap 'non-nmethods': size=5760Kb used=1518Kb max_used=1558Kb free=4241Kb
 bounds [0x000001dcf0440000, 0x000001dcf06b0000, 0x000001dcf09e0000]
 total_blobs=7317 nmethods=6728 adapters=493
 compilation: enabled
              stopped_count=0, restarted_count=0
 full_count=0

Compilation events (20 events):
Event: 34.051 Thread 0x000001dcfb725d30 nmethod 7573 0x000001dcf0cd8a90 code [0x000001dcf0cd8c20, 0x000001dcf0cd8ce8]
Event: 34.051 Thread 0x000001dcfb725d30 7575       3       org.apache.maven.surefire.api.stream.AbstractStreamDecoder::read (102 bytes)
Event: 34.052 Thread 0x000001dcfb725d30 nmethod 7575 0x000001dce9d45f90 code [0x000001dce9d461c0, 0x000001dce9d469e8]
Event: 34.052 Thread 0x000001dcfb725d30 7574       1       org.apache.maven.surefire.api.stream.AbstractStreamDecoder$MalformedFrameException::readTo (5 bytes)
Event: 34.052 Thread 0x000001dcfb725d30 nmethod 7574 0x000001dcf0cd8d90 code [0x000001dcf0cd8f20, 0x000001dcf0cd8fe8]
Event: 34.052 Thread 0x000001dcfb725d30 7576       3       java.util.Locale::hashCode (41 bytes)
Event: 34.053 Thread 0x000001dcfb725d30 nmethod 7576 0x000001dce9d46c10 code [0x000001dce9d46de0, 0x000001dce9d46ff8]
Event: 34.053 Thread 0x000001dcfb725d30 7577       3       org.apache.maven.surefire.api.stream.AbstractStreamDecoder::checkDelimiter (38 bytes)
Event: 34.053 Thread 0x000001dcfb725d30 nmethod 7577 0x000001dce9d47110 code [0x000001dce9d472e0, 0x000001dce9d47620]
Event: 34.053 Thread 0x000001dcfb725d30 7578       3       java.io.Writer::write (11 bytes)
Event: 34.054 Thread 0x000001dcfb725d30 nmethod 7578 0x000001dce9d47790 code [0x000001dce9d47960, 0x000001dce9d47c40]
Event: 34.054 Thread 0x000001dcfb728440 7580   !   4       java.nio.CharBuffer::wrap (21 bytes)
Event: 34.054 Thread 0x000001dcfb725d30 7579       3       java.util.Calendar::internalGet (7 bytes)
Event: 34.054 Thread 0x000001dcfb725d30 nmethod 7579 0x000001dce9d47d90 code [0x000001dce9d47f40, 0x000001dce9d48078]
Event: 34.056 Thread 0x000001dcfb725d30 7581       3       org.apache.maven.surefire.stream.EventDecoder::getEncodedMagicNumber (4 bytes)
Event: 34.056 Thread 0x000001dcfb725d30 nmethod 7581 0x000001dce9d48190 code [0x000001dce9d48320, 0x000001dce9d48438]
Event: 34.060 Thread 0x000001dcfb728440 nmethod 7580 0x000001dcf0cd9090 code [0x000001dcf0cd9240, 0x000001dcf0cd9548]
Event: 34.151 Thread 0x000001dcfb728440 7582       4       java.nio.ByteBuffer::array (35 bytes)
Event: 34.151 Thread 0x000001dcfb725d30 7583   !   3       org.apache.maven.surefire.stream.EventDecoder::decode (399 bytes)
Event: 34.152 Thread 0x000001dcfb728440 nmethod 7582 0x000001dcf0cd9810 code [0x000001dcf0cd99a0, 0x000001dcf0cd9a68]

GC Heap History (20 events):
Event: 5.225 GC heap before
{Heap before GC invocations=3 (full 0):
 garbage-first heap   total 65536K, used 41580K [0x00000000c1600000, 0x0000000100000000)
  region size 1024K, 38 young (38912K), 4 survivors (4096K)
 Metaspace       used 15697K, committed 15936K, reserved 1114112K
  class space    used 1856K, committed 1984K, reserved 1048576K
}
Event: 5.242 GC heap after
{Heap after GC invocations=4 (full 0):
 garbage-first heap   total 65536K, used 9693K [0x00000000c1600000, 0x0000000100000000)
  region size 1024K, 3 young (3072K), 3 survivors (3072K)
 Metaspace       used 15697K, committed 15936K, reserved 1114112K
  class space    used 1856K, committed 1984K, reserved 1048576K
}
Event: 6.879 GC heap before
{Heap before GC invocations=4 (full 0):
 garbage-first heap   total 65536K, used 45533K [0x00000000c1600000, 0x0000000100000000)
  region size 1024K, 38 young (38912K), 3 survivors (3072K)
 Metaspace       used 17038K, committed 17280K, reserved 1114112K
  class space    used 1981K, committed 2112K, reserved 1048576K
}
Event: 6.893 GC heap after
{Heap after GC invocations=5 (full 0):
 garbage-first heap   total 65536K, used 12313K [0x00000000c1600000, 0x0000000100000000)
  region size 1024K, 3 young (3072K), 3 survivors (3072K)
 Metaspace       used 17038K, committed 17280K, reserved 1114112K
  class space    used 1981K, committed 2112K, reserved 1048576K
}
Event: 9.531 GC heap before
{Heap before GC invocations=5 (full 0):
 garbage-first heap   total 65536K, used 27673K [0x00000000c1600000, 0x0000000100000000)
  region size 1024K, 20 young (20480K), 3 survivors (3072K)
 Metaspace       used 21246K, committed 21504K, reserved 1114112K
  class space    used 2505K, committed 2624K, reserved 1048576K
}
Event: 9.539 GC heap after
{Heap after GC invocations=6 (full 0):
 garbage-first heap   total 65536K, used 13801K [0x00000000c1600000, 0x0000000100000000)
  region size 1024K, 4 young (4096K), 4 survivors (4096K)
 Metaspace       used 21246K, committed 21504K, reserved 1114112K
  class space    used 2505K, committed 2624K, reserved 1048576K
}
Event: 10.810 GC heap before
{Heap before GC invocations=7 (full 0):
 garbage-first heap   total 51200K, used 39401K [0x00000000c1600000, 0x0000000100000000)
  region size 1024K, 30 young (30720K), 4 survivors (4096K)
 Metaspace       used 25489K, committed 25856K, reserved 1114112K
  class space    used 2906K, committed 3072K, reserved 1048576K
}
Event: 10.835 GC heap after
{Heap after GC invocations=8 (full 0):
 garbage-first heap   total 57344K, used 26089K [0x00000000c1600000, 0x0000000100000000)
  region size 1024K, 4 young (4096K), 4 survivors (4096K)
 Metaspace       used 25489K, committed 25856K, reserved 1114112K
  class space    used 2906K, committed 3072K, reserved 1048576K
}
Event: 11.191 GC heap before
{Heap before GC invocations=8 (full 0):
 garbage-first heap   total 57344K, used 45545K [0x00000000c1600000, 0x0000000100000000)
  region size 1024K, 23 young (23552K), 4 survivors (4096K)
 Metaspace       used 26038K, committed 26368K, reserved 1114112K
  class space    used 2974K, committed 3136K, reserved 1048576K
}
Event: 11.205 GC heap after
{Heap after GC invocations=9 (full 0):
 garbage-first heap   total 57344K, used 30430K [0x00000000c1600000, 0x0000000100000000)
  region size 1024K, 3 young (3072K), 3 survivors (3072K)
 Metaspace       used 26038K, committed 26368K, reserved 1114112K
  class space    used 2974K, committed 3136K, reserved 1048576K
}
Event: 11.451 GC heap before
{Heap before GC invocations=9 (full 0):
 garbage-first heap   total 57344K, used 45790K [0x00000000c1600000, 0x0000000100000000)
  region size 1024K, 18 young (18432K), 3 survivors (3072K)
 Metaspace       used 26215K, committed 26496K, reserved 1114112K
  class space    used 2975K, committed 3136K, reserved 1048576K
}
Event: 11.463 GC heap after
{Heap after GC invocations=10 (full 0):
 garbage-first heap   total 69632K, used 33792K [0x00000000c1600000, 0x0000000100000000)
  region size 1024K, 3 young (3072K), 3 survivors (3072K)
 Metaspace       used 26215K, committed 26496K, reserved 1114112K
  class space    used 2975K, committed 3136K, reserved 1048576K
}
Event: 12.393 GC heap before
{Heap before GC invocations=11 (full 0):
 garbage-first heap   total 69632K, used 55296K [0x00000000c1600000, 0x0000000100000000)
  region size 1024K, 24 young (24576K), 3 survivors (3072K)
 Metaspace       used 27686K, committed 28096K, reserved 1114112K
  class space    used 3144K, committed 3328K, reserved 1048576K
}
Event: 12.404 GC heap after
{Heap after GC invocations=12 (full 0):
 garbage-first heap   total 69632K, used 36336K [0x00000000c1600000, 0x0000000100000000)
  region size 1024K, 2 young (2048K), 2 survivors (2048K)
 Metaspace       used 27686K, committed 28096K, reserved 1114112K
  class space    used 3144K, committed 3328K, reserved 1048576K
}
Event: 12.847 GC heap before
{Heap before GC invocations=12 (full 0):
 garbage-first heap   total 69632K, used 57840K [0x00000000c1600000, 0x0000000100000000)
  region size 1024K, 23 young (23552K), 2 survivors (2048K)
 Metaspace       used 28395K, committed 28800K, reserved 1114112K
  class space    used 3205K, committed 3392K, reserved 1048576K
}
Event: 12.853 GC heap after
{Heap after GC invocations=13 (full 0):
 garbage-first heap   total 69632K, used 35826K [0x00000000c1600000, 0x0000000100000000)
  region size 1024K, 2 young (2048K), 2 survivors (2048K)
 Metaspace       used 28395K, committed 28800K, reserved 1114112K
  class space    used 3205K, committed 3392K, reserved 1048576K
}
Event: 15.244 GC heap before
{Heap before GC invocations=13 (full 0):
 garbage-first heap   total 69632K, used 58354K [0x00000000c1600000, 0x0000000100000000)
  region size 1024K, 24 young (24576K), 2 survivors (2048K)
 Metaspace       used 29900K, committed 30272K, reserved 1114112K
  class space    used 3376K, committed 3520K, reserved 1048576K
}
Event: 15.264 GC heap after
{Heap after GC invocations=14 (full 0):
 garbage-first heap   total 69632K, used 37998K [0x00000000c1600000, 0x0000000100000000)
  region size 1024K, 3 young (3072K), 3 survivors (3072K)
 Metaspace       used 29900K, committed 30272K, reserved 1114112K
  class space    used 3376K, committed 3520K, reserved 1048576K
}
Event: 17.679 GC heap before
{Heap before GC invocations=15 (full 0):
 garbage-first heap   total 69632K, used 58478K [0x00000000c1600000, 0x0000000100000000)
  region size 1024K, 24 young (24576K), 3 survivors (3072K)
 Metaspace       used 30238K, committed 30656K, reserved 1114112K
  class space    used 3387K, committed 3584K, reserved 1048576K
}
Event: 17.693 GC heap after
{Heap after GC invocations=16 (full 0):
 garbage-first heap   total 69632K, used 39420K [0x00000000c1600000, 0x0000000100000000)
  region size 1024K, 2 young (2048K), 2 survivors (2048K)
 Metaspace       used 30238K, committed 30656K, reserved 1114112K
  class space    used 3387K, committed 3584K, reserved 1048576K
}

Dll operation events (8 events):
Event: 0.021 Loaded shared library C:\Program Files\Java\jdk-21\bin\java.dll
Event: 0.067 Loaded shared library C:\Program Files\Java\jdk-21\bin\jsvml.dll
Event: 0.113 Loaded shared library C:\Program Files\Java\jdk-21\bin\net.dll
Event: 0.118 Loaded shared library C:\Program Files\Java\jdk-21\bin\nio.dll
Event: 0.129 Loaded shared library C:\Program Files\Java\jdk-21\bin\zip.dll
Event: 0.452 Loaded shared library C:\Program Files\Java\jdk-21\bin\jimage.dll
Event: 0.454 Loaded shared library C:\Program Files\apache-maven-3.9.10\lib\jansi-native\Windows\x86_64\jansi.dll
Event: 0.495 Loaded shared library C:\Program Files\Java\jdk-21\bin\verify.dll

Deoptimization events (20 events):
Event: 19.355 Thread 0x000001dcc716e480 Uncommon trap: trap_request=0xffffff45 fr.pc=0x000001dcf0a08b98 relative=0x00000000000000f8
Event: 19.355 Thread 0x000001dcc716e480 Uncommon trap: reason=unstable_if action=reinterpret pc=0x000001dcf0a08b98 method=java.lang.String.getBytes([BIB)V @ 5 c2
Event: 19.355 Thread 0x000001dcc716e480 DEOPT PACKING pc=0x000001dcf0a08b98 sp=0x0000000101fff0d0
Event: 19.355 Thread 0x000001dcc716e480 DEOPT UNPACKING pc=0x000001dcf04946a2 sp=0x0000000101fff098 mode 2
Event: 19.355 Thread 0x000001dcc716e480 Uncommon trap: trap_request=0xffffff45 fr.pc=0x000001dcf0aa4380 relative=0x0000000000000540
Event: 19.355 Thread 0x000001dcc716e480 Uncommon trap: reason=unstable_if action=reinterpret pc=0x000001dcf0aa4380 method=java.lang.String.<init>(Ljava/lang/AbstractStringBuilder;Ljava/lang/Void;)V @ 19 c2
Event: 19.355 Thread 0x000001dcc716e480 DEOPT PACKING pc=0x000001dcf0aa4380 sp=0x0000000101fff210
Event: 19.356 Thread 0x000001dcc716e480 DEOPT UNPACKING pc=0x000001dcf04946a2 sp=0x0000000101fff108 mode 2
Event: 19.356 Thread 0x000001dcc716e480 Uncommon trap: trap_request=0xffffff45 fr.pc=0x000001dcf0b54368 relative=0x00000000000000c8
Event: 19.356 Thread 0x000001dcc716e480 Uncommon trap: reason=unstable_if action=reinterpret pc=0x000001dcf0b54368 method=java.lang.String.codePointAt(I)I @ 4 c2
Event: 19.356 Thread 0x000001dcc716e480 DEOPT PACKING pc=0x000001dcf0b54368 sp=0x0000000101fff190
Event: 19.356 Thread 0x000001dcc716e480 DEOPT UNPACKING pc=0x000001dcf04946a2 sp=0x0000000101fff118 mode 2
Event: 19.356 Thread 0x000001dcc716e480 Uncommon trap: trap_request=0xffffffc6 fr.pc=0x000001dcf0b6a8d8 relative=0x0000000000000298
Event: 19.356 Thread 0x000001dcc716e480 Uncommon trap: reason=bimorphic_or_optimized_type_check action=maybe_recompile pc=0x000001dcf0b6a8d8 method=java.util.regex.Matcher.getTextLength()I @ 4 c2
Event: 19.356 Thread 0x000001dcc716e480 DEOPT PACKING pc=0x000001dcf0b6a8d8 sp=0x0000000101fff280
Event: 19.356 Thread 0x000001dcc716e480 DEOPT UNPACKING pc=0x000001dcf04946a2 sp=0x0000000101fff1b0 mode 2
Event: 19.356 Thread 0x000001dcc716e480 Uncommon trap: trap_request=0xffffffde fr.pc=0x000001dcf0a42650 relative=0x00000000000003d0
Event: 19.356 Thread 0x000001dcc716e480 Uncommon trap: reason=class_check action=maybe_recompile pc=0x000001dcf0a42650 method=sun.nio.cs.StreamDecoder.read([CII)I @ 8 c2
Event: 19.356 Thread 0x000001dcc716e480 DEOPT PACKING pc=0x000001dcf0a42650 sp=0x0000000101fff210
Event: 19.356 Thread 0x000001dcc716e480 DEOPT UNPACKING pc=0x000001dcf04946a2 sp=0x0000000101fff1c8 mode 2

Classes loaded (20 events):
Event: 19.279 Loading class jdk/internal/logger/LoggerFinderLoader
Event: 19.283 Loading class jdk/internal/logger/LoggerFinderLoader done
Event: 19.284 Loading class sun/util/logging/internal/LoggingProviderImpl$JULWrapper
Event: 19.285 Loading class sun/util/logging/PlatformLogger$ConfigurableBridge$LoggerConfiguration
Event: 19.286 Loading class sun/util/logging/PlatformLogger$ConfigurableBridge$LoggerConfiguration done
Event: 19.286 Loading class sun/util/logging/internal/LoggingProviderImpl$JULWrapper done
Event: 19.286 Loading class java/lang/System$Logger$Level
Event: 19.286 Loading class java/lang/System$Logger$Level done
Event: 19.288 Loading class java/nio/channels/ClosedChannelException
Event: 19.288 Loading class java/nio/channels/ClosedChannelException done
Event: 19.292 Loading class java/nio/channels/NonReadableChannelException
Event: 19.293 Loading class java/nio/channels/NonReadableChannelException done
Event: 19.295 Loading class java/nio/channels/NonWritableChannelException
Event: 19.295 Loading class java/nio/channels/NonWritableChannelException done
Event: 19.351 Loading class java/util/Scanner
Event: 19.352 Loading class java/util/Scanner done
Event: 19.354 Loading class java/util/Scanner$PatternLRUCache
Event: 19.355 Loading class java/util/Scanner$PatternLRUCache done
Event: 34.047 Loading class java/util/concurrent/atomic/Striped64$1
Event: 34.048 Loading class java/util/concurrent/atomic/Striped64$1 done

Classes unloaded (0 events):
No events

Classes redefined (0 events):
No events

Internal exceptions (20 events):
Event: 14.884 Thread 0x000001dcde9cce10 Exception <a 'sun/nio/fs/WindowsException'{0x00000000c4498dc8}> (0x00000000c4498dc8) 
thrown [s\open\src\hotspot\share\prims\jni.cpp, line 520]
Event: 14.884 Thread 0x000001dcde9cce10 Exception <a 'sun/nio/fs/WindowsException'{0x00000000c4499d20}> (0x00000000c4499d20) 
thrown [s\open\src\hotspot\share\prims\jni.cpp, line 520]
Event: 14.886 Thread 0x000001dcde9cce10 Exception <a 'sun/nio/fs/WindowsException'{0x00000000c44a2a90}> (0x00000000c44a2a90) 
thrown [s\open\src\hotspot\share\prims\jni.cpp, line 520]
Event: 14.886 Thread 0x000001dcde9cce10 Exception <a 'sun/nio/fs/WindowsException'{0x00000000c44a39f0}> (0x00000000c44a39f0) 
thrown [s\open\src\hotspot\share\prims\jni.cpp, line 520]
Event: 14.886 Thread 0x000001dcde9cce10 Exception <a 'sun/nio/fs/WindowsException'{0x00000000c44a8658}> (0x00000000c44a8658) 
thrown [s\open\src\hotspot\share\prims\jni.cpp, line 520]
Event: 14.887 Thread 0x000001dcde9cce10 Exception <a 'sun/nio/fs/WindowsException'{0x00000000c44b3268}> (0x00000000c44b3268) 
thrown [s\open\src\hotspot\share\prims\jni.cpp, line 520]
Event: 14.887 Thread 0x000001dcde9cce10 Exception <a 'sun/nio/fs/WindowsException'{0x00000000c44b41d8}> (0x00000000c44b41d8) 
thrown [s\open\src\hotspot\share\prims\jni.cpp, line 520]
Event: 14.903 Thread 0x000001dcde9cce10 Exception <a 'sun/nio/fs/WindowsException'{0x00000000c431da68}> (0x00000000c431da68) 
thrown [s\open\src\hotspot\share\prims\jni.cpp, line 520]
Event: 14.903 Thread 0x000001dcde9cce10 Exception <a 'sun/nio/fs/WindowsException'{0x00000000c431e0f8}> (0x00000000c431e0f8) 
thrown [s\open\src\hotspot\share\prims\jni.cpp, line 520]
Event: 14.903 Thread 0x000001dcde9cce10 Exception <a 'sun/nio/fs/WindowsException'{0x00000000c431e820}> (0x00000000c431e820) 
thrown [s\open\src\hotspot\share\prims\jni.cpp, line 520]
Event: 14.926 Thread 0x000001dcde9cce10 Exception <a 'sun/nio/fs/WindowsException'{0x00000000c433fa30}> (0x00000000c433fa30) 
thrown [s\open\src\hotspot\share\prims\jni.cpp, line 520]
Event: 14.926 Thread 0x000001dcde9cce10 Exception <a 'sun/nio/fs/WindowsException'{0x00000000c43400b8}> (0x00000000c43400b8) 
thrown [s\open\src\hotspot\share\prims\jni.cpp, line 520]
Event: 14.926 Thread 0x000001dcde9cce10 Exception <a 'sun/nio/fs/WindowsException'{0x00000000c43407d8}> (0x00000000c43407d8) 
thrown [s\open\src\hotspot\share\prims\jni.cpp, line 520]
Event: 18.590 Thread 0x000001dcc52b7c90 Exception <a 'java/lang/NoSuchMethodError'{0x00000000c4ffb8e8}: 'java.lang.Object java.lang.invoke.DirectMethodHandle$Holder.invokeStatic(java.lang.Object, long, java.lang.Object)'> (0x00000000c4ffb8e8) 
thrown [s\open\src\hotspot\share\interpreter\linkResolver.cpp, line 773]
Event: 18.591 Thread 0x000001dcc52b7c90 Exception <a 'java/lang/NoSuchMethodError'{0x00000000c4ffec90}: 'java.lang.Object java.lang.invoke.DirectMethodHandle$Holder.invokeStaticInit(java.lang.Object, long, java.lang.Object)'> (0x00000000c4ffec90) 
thrown [s\open\src\hotspot\share\interpreter\linkResolver.cpp, line 773]
Event: 18.592 Thread 0x000001dcc52b7c90 Exception <a 'java/lang/NoSuchMethodError'{0x00000000c4e74e70}: 'java.lang.Object java.lang.invoke.DirectMethodHandle$Holder.newInvokeSpecial(java.lang.Object, long)'> (0x00000000c4e74e70) 
thrown [s\open\src\hotspot\share\interpreter\linkResolver.cpp, line 773]
Event: 18.597 Thread 0x000001dcc52b7c90 Exception <a 'java/lang/NoSuchMethodError'{0x00000000c4e792b0}: 'long java.lang.invoke.DirectMethodHandle$Holder.invokeInterface(java.lang.Object, java.lang.Object)'> (0x00000000c4e792b0) 
thrown [s\open\src\hotspot\share\interpreter\linkResolver.cpp, line 773]
Event: 18.598 Thread 0x000001dcc52b7c90 Exception <a 'java/lang/NoSuchMethodError'{0x00000000c4e7c768}: 'long java.lang.invoke.DelegatingMethodHandle$Holder.reinvoke_L(java.lang.Object, java.lang.Object)'> (0x00000000c4e7c768) 
thrown [s\open\src\hotspot\share\interpreter\linkResolver.cpp, line 773]
Event: 18.711 Thread 0x000001dcde9cce10 Exception <a 'java/lang/NoSuchMethodError'{0x00000000c4dbb520}: 'java.lang.Object java.lang.invoke.DirectMethodHandle$Holder.invokeStaticInit(java.lang.Object, java.lang.Object, int, int, int, int)'> (0x00000000c4dbb520) 
thrown [s\open\src\hotspot\share\interpreter\linkResolver.cpp, line 773]
Event: 19.270 Thread 0x000001dcde9cce10 Exception <a 'java/lang/NoSuchMethodError'{0x00000000c43a4a10}: 'void java.lang.invoke.DirectMethodHandle$Holder.invokeStatic(java.lang.Object, long)'> (0x00000000c43a4a10) 
thrown [s\open\src\hotspot\share\interpreter\linkResolver.cpp, line 773]

ZGC Phase Switch (0 events):
No events

VM Operations (20 events):
Event: 18.665 Executing VM operation: HandshakeAllThreads (Deoptimize)
Event: 18.665 Executing VM operation: HandshakeAllThreads (Deoptimize) done
Event: 19.073 Executing VM operation: HandshakeAllThreads (Deoptimize)
Event: 19.073 Executing VM operation: HandshakeAllThreads (Deoptimize) done
Event: 19.073 Executing VM operation: Cleanup
Event: 19.073 Executing VM operation: Cleanup done
Event: 19.105 Executing VM operation: HandshakeAllThreads (Deoptimize)
Event: 19.105 Executing VM operation: HandshakeAllThreads (Deoptimize) done
Event: 19.106 Executing VM operation: HandshakeAllThreads (Deoptimize)
Event: 19.107 Executing VM operation: HandshakeAllThreads (Deoptimize) done
Event: 19.274 Executing VM operation: HandshakeAllThreads (Deoptimize)
Event: 19.274 Executing VM operation: HandshakeAllThreads (Deoptimize) done
Event: 20.275 Executing VM operation: Cleanup
Event: 20.275 Executing VM operation: Cleanup done
Event: 21.287 Executing VM operation: Cleanup
Event: 21.287 Executing VM operation: Cleanup done
Event: 22.296 Executing VM operation: Cleanup
Event: 22.297 Executing VM operation: Cleanup done
Event: 24.298 Executing VM operation: Cleanup
Event: 24.298 Executing VM operation: Cleanup done

Events (20 events):
Event: 15.355 Thread 0x000001dce0b6a870 flushing nmethod 0x000001dcf0c16a90
Event: 15.355 Thread 0x000001dce0b6a870 flushing nmethod 0x000001dcf0c0e990
Event: 15.355 Thread 0x000001dce0b6a870 flushing nmethod 0x000001dcf0bf7c90
Event: 15.355 Thread 0x000001dce0b6a870 flushing nmethod 0x000001dcf0becc10
Event: 15.355 Thread 0x000001dce0b6a870 flushing nmethod 0x000001dcf0bec790
Event: 15.355 Thread 0x000001dce0b6a870 flushing nmethod 0x000001dcf0bd2310
Event: 15.355 Thread 0x000001dce0b6a870 flushing nmethod 0x000001dcf0b95290
Event: 15.355 Thread 0x000001dce0b6a870 flushing nmethod 0x000001dcf0b13590
Event: 15.355 Thread 0x000001dce0b6a870 flushing nmethod 0x000001dcf0b15a10
Event: 15.355 Thread 0x000001dce0b6a870 flushing nmethod 0x000001dcf0a65b90
Event: 15.355 Thread 0x000001dce0b6a870 flushing nmethod 0x000001dcf0a71b90
Event: 15.355 Thread 0x000001dce0b6a870 flushing nmethod 0x000001dcf09ed390
Event: 17.926 Thread 0x000001dcc52b7c90 Thread added: 0x000001dcc52b7c90
Event: 18.606 Thread 0x000001dcc52b7c90 Thread exited: 0x000001dcc52b7c90
Event: 18.929 Thread 0x000001dcc85347c0 Thread added: 0x000001dcc85347c0
Event: 18.939 Thread 0x000001dcc6fdeef0 Thread added: 0x000001dcc6fdeef0
Event: 19.177 Thread 0x000001dcc6c85e70 Thread added: 0x000001dcc6c85e70
Event: 19.321 Thread 0x000001dcc716e480 Thread added: 0x000001dcc716e480
Event: 19.321 Thread 0x000001dcc716eaf0 Thread added: 0x000001dcc716eaf0
Event: 19.349 Thread 0x000001dcc63ee900 Thread added: 0x000001dcc63ee900


Dynamic libraries:
0x00007ff62fde0000 - 0x00007ff62fdf0000 	C:\Program Files\Java\jdk-21\bin\java.exe
0x00007ffd52c10000 - 0x00007ffd52e08000 	C:\Windows\SYSTEM32\ntdll.dll
0x00007ffd51c10000 - 0x00007ffd51cd2000 	C:\Windows\System32\KERNEL32.DLL
0x00007ffd50440000 - 0x00007ffd50736000 	C:\Windows\System32\KERNELBASE.dll
0x00007ffd50770000 - 0x00007ffd50870000 	C:\Windows\System32\ucrtbase.dll
0x00007ffd2dcc0000 - 0x00007ffd2dcd9000 	C:\Program Files\Java\jdk-21\bin\jli.dll
0x00007ffd2dca0000 - 0x00007ffd2dcbb000 	C:\Program Files\Java\jdk-21\bin\VCRUNTIME140.dll
0x00007ffd50c40000 - 0x00007ffd50cf1000 	C:\Windows\System32\ADVAPI32.dll
0x00007ffd50eb0000 - 0x00007ffd50f4e000 	C:\Windows\System32\msvcrt.dll
0x00007ffd51aa0000 - 0x00007ffd51b3f000 	C:\Windows\System32\sechost.dll
0x00007ffd51690000 - 0x00007ffd517b3000 	C:\Windows\System32\RPCRT4.dll
0x00007ffd50ac0000 - 0x00007ffd50ae7000 	C:\Windows\System32\bcrypt.dll
0x00007ffd51100000 - 0x00007ffd5129d000 	C:\Windows\System32\USER32.dll
0x00007ffd50740000 - 0x00007ffd50762000 	C:\Windows\System32\win32u.dll
0x00007ffd34a60000 - 0x00007ffd34cfa000 	C:\Windows\WinSxS\amd64_microsoft.windows.common-controls_6595b64144ccf1df_6.0.19041.5915_none_60b4b9d171f9c7c7\COMCTL32.dll
0x00007ffd52a10000 - 0x00007ffd52a3b000 	C:\Windows\System32\GDI32.dll
0x00007ffd50320000 - 0x00007ffd50439000 	C:\Windows\System32\gdi32full.dll
0x00007ffd508c0000 - 0x00007ffd5095d000 	C:\Windows\System32\msvcp_win.dll
0x00007ffd49ad0000 - 0x00007ffd49ada000 	C:\Windows\SYSTEM32\VERSION.dll
0x00007ffd51660000 - 0x00007ffd5168f000 	C:\Windows\System32\IMM32.DLL
0x00007ffd2dc90000 - 0x00007ffd2dc9c000 	C:\Program Files\Java\jdk-21\bin\vcruntime140_1.dll
0x00007ffd2b5d0000 - 0x00007ffd2b65e000 	C:\Program Files\Java\jdk-21\bin\msvcp140.dll
0x00007ffd2a8b0000 - 0x00007ffd2b5c5000 	C:\Program Files\Java\jdk-21\bin\server\jvm.dll
0x00007ffd521c0000 - 0x00007ffd5222b000 	C:\Windows\System32\WS2_32.dll
0x00007ffd50100000 - 0x00007ffd5014b000 	C:\Windows\SYSTEM32\POWRPROF.dll
0x00007ffd372b0000 - 0x00007ffd372d7000 	C:\Windows\SYSTEM32\WINMM.dll
0x00007ffd500e0000 - 0x00007ffd500f2000 	C:\Windows\SYSTEM32\UMPDC.dll
0x00007ffd4ea80000 - 0x00007ffd4ea92000 	C:\Windows\SYSTEM32\kernel.appcore.dll
0x00007ffd2dc40000 - 0x00007ffd2dc4a000 	C:\Program Files\Java\jdk-21\bin\jimage.dll
0x00007ffd4dfc0000 - 0x00007ffd4e1c1000 	C:\Windows\SYSTEM32\DBGHELP.DLL
0x00007ffd46990000 - 0x00007ffd469c4000 	C:\Windows\SYSTEM32\dbgcore.DLL
0x00007ffd50ba0000 - 0x00007ffd50c22000 	C:\Windows\System32\bcryptPrimitives.dll
0x00007ffd2dc20000 - 0x00007ffd2dc3f000 	C:\Program Files\Java\jdk-21\bin\java.dll
0x00007ffd52290000 - 0x00007ffd529fe000 	C:\Windows\System32\SHELL32.dll
0x00007ffd4e2c0000 - 0x00007ffd4ea64000 	C:\Windows\SYSTEM32\windows.storage.dll
0x00007ffd512a0000 - 0x00007ffd515f3000 	C:\Windows\System32\combase.dll
0x00007ffd4fc00000 - 0x00007ffd4fc2b000 	C:\Windows\SYSTEM32\Wldp.dll
0x00007ffd50d00000 - 0x00007ffd50dcd000 	C:\Windows\System32\OLEAUT32.dll
0x00007ffd51b60000 - 0x00007ffd51c0d000 	C:\Windows\System32\SHCORE.dll
0x00007ffd51600000 - 0x00007ffd5165b000 	C:\Windows\System32\shlwapi.dll
0x00007ffd501d0000 - 0x00007ffd501f5000 	C:\Windows\SYSTEM32\profapi.dll
0x00007ffd2a3f0000 - 0x00007ffd2a4c7000 	C:\Program Files\Java\jdk-21\bin\jsvml.dll
0x00007ffd2a6a0000 - 0x00007ffd2a6b0000 	C:\Program Files\Java\jdk-21\bin\net.dll
0x00007ffd48030000 - 0x00007ffd4813a000 	C:\Windows\SYSTEM32\WINHTTP.dll
0x00007ffd4f960000 - 0x00007ffd4f9ca000 	C:\Windows\system32\mswsock.dll
0x00007ffd2a380000 - 0x00007ffd2a396000 	C:\Program Files\Java\jdk-21\bin\nio.dll
0x00007ffd2a360000 - 0x00007ffd2a378000 	C:\Program Files\Java\jdk-21\bin\zip.dll
0x00007ffd29890000 - 0x00007ffd298b4000 	C:\Program Files\apache-maven-3.9.10\lib\jansi-native\Windows\x86_64\jansi.dll
0x00007ffd288d0000 - 0x00007ffd288e0000 	C:\Program Files\Java\jdk-21\bin\verify.dll
0x00007ffd4fb60000 - 0x00007ffd4fb78000 	C:\Windows\SYSTEM32\CRYPTSP.dll
0x00007ffd4f240000 - 0x00007ffd4f278000 	C:\Windows\system32\rsaenh.dll
0x00007ffd50190000 - 0x00007ffd501be000 	C:\Windows\SYSTEM32\USERENV.dll
0x00007ffd4fb50000 - 0x00007ffd4fb5c000 	C:\Windows\SYSTEM32\CRYPTBASE.dll
0x00007ffd4f610000 - 0x00007ffd4f64b000 	C:\Windows\SYSTEM32\IPHLPAPI.DLL
0x00007ffd50c30000 - 0x00007ffd50c38000 	C:\Windows\System32\NSI.dll

dbghelp: loaded successfully - version: 4.0.5 - missing functions: none
symbol engine: initialized successfully - sym options: 0x614 - pdb path: .;C:\Program Files\Java\jdk-21\bin;C:\Windows\SYSTEM32;C:\Windows\WinSxS\amd64_microsoft.windows.common-controls_6595b64144ccf1df_6.0.19041.5915_none_60b4b9d171f9c7c7;C:\Program Files\Java\jdk-21\bin\server;C:\Program Files\apache-maven-3.9.10\lib\jansi-native\Windows\x86_64

VM Arguments:
jvm_args: --enable-native-access=ALL-UNNAMED -Dclassworlds.conf=C:\Program Files\apache-maven-3.9.10\bin\m2.conf -Dmaven.home=C:\Program Files\apache-maven-3.9.10 -Dlibrary.jansi.path=C:\Program Files\apache-maven-3.9.10\lib\jansi-native -Dmaven.multiModuleProjectDirectory=D:\Surekha\OpencartV121 
java_command: org.codehaus.plexus.classworlds.launcher.Launcher test
java_class_path (initial): C:\Program Files\apache-maven-3.9.10\boot\plexus-classworlds-2.9.0.jar
Launcher Type: SUN_STANDARD

[Global flags]
     intx CICompilerCount                          = 3                                         {product} {ergonomic}
     uint ConcGCThreads                            = 1                                         {product} {ergonomic}
     uint G1ConcRefinementThreads                  = 4                                         {product} {ergonomic}
   size_t G1HeapRegionSize                         = 1048576                                   {product} {ergonomic}
    uintx GCDrainStackTargetSize                   = 64                                        {product} {ergonomic}
   size_t InitialHeapSize                          = 67108864                                  {product} {ergonomic}
   size_t MarkStackSize                            = 4194304                                   {product} {ergonomic}
   size_t MaxHeapSize                              = 1050673152                                {product} {ergonomic}
   size_t MaxNewSize                               = 630194176                                 {product} {ergonomic}
   size_t MinHeapDeltaBytes                        = 1048576                                   {product} {ergonomic}
   size_t MinHeapSize                              = 8388608                                   {product} {ergonomic}
    uintx NonNMethodCodeHeapSize                   = 5832780                                {pd product} {ergonomic}
    uintx NonProfiledCodeHeapSize                  = 122912730                              {pd product} {ergonomic}
    uintx ProfiledCodeHeapSize                     = 122912730                              {pd product} {ergonomic}
    uintx ReservedCodeCacheSize                    = 251658240                              {pd product} {ergonomic}
     bool SegmentedCodeCache                       = true                                      {product} {ergonomic}
   size_t SoftMaxHeapSize                          = 1050673152                             {manageable} {ergonomic}
     bool UseCompressedOops                        = true                           {product lp64_product} {ergonomic}
     bool UseG1GC                                  = true                                      {product} {ergonomic}
     bool UseLargePagesIndividualAllocation        = false                                  {pd product} {ergonomic}

Logging:
Log output configuration:
 #0: stdout all=warning uptime,level,tags foldmultilines=false
 #1: stderr all=off uptime,level,tags foldmultilines=false

Environment Variables:
JAVA_HOME=C:\Program Files\Java\jdk-21
PATH=C:\Program Files\Common Files\Oracle\Java\javapath;C:\Windows\system32;C:\Windows;C:\Windows\System32\Wbem;C:\Windows\System32\WindowsPowerShell\v1.0\;C:\Windows\System32\OpenSSH\;C:\Program Files (x86)\Microsoft SQL Server\160\DTS\Binn\;C:\Program Files\Azure Data Studio\bin;C:\Program Files (x86)\Microsoft SQL Server\160\Tools\Binn\;C:\Program Files\Microsoft SQL Server\160\Tools\Binn\;C:\Program Files\Microsoft SQL Server\Client SDK\ODBC\170\Tools\Binn\;C:\Program Files\Microsoft SQL Server\160\DTS\Binn\;C:\Program Files\Java\jdk-11\bin;C:\Program Files\nodejs\;C:\Program Files\Git\cmd;C:\Program Files\apache-maven-3.9.10\apache-maven-3.9.6\bin;D:\Surekha\allure download\allure-commandline-2.25.0\allure-2.25.0\bin;C:\webdrivers;C:\Program Files\Docker\Docker\resources\bin;C:\Program Files\Java\jdk-21\bin;C:\Users\SUREKHA\AppData\Local\Programs\Python\Python312;C:\Users\SUREKHA\AppData\Local\Programs\Python\Python312\Scripts;C:\Program Files\apache-maven-3.9.10\bin;C:\Users\SUREKHA\AppData\Local\Programs\Python\Python313\Scripts\;C:\Users\SUREKHA\AppData\Local\Programs\Python\Python313\;C:\Users\SUREKHA\AppData\Local\Programs\Python\Launcher\;C:\Users\SUREKHA\scoop\shims;C:\Program Files\MySQL\MySQL Shell 8.0\bin\;C:\Users\SUREKHA\AppData\Local\Microsoft\WindowsApps;C:\Users\SUREKHA\AppData\Local\Programs\Microsoft VS Code\bin;C:\Program Files\Git\bin\;C:\Program Files\Git\bin\;C:\Program Files\Sublime Text;C:\Program Files\Azure Data Studio\bin;C:\Users\SUREKHA\AppData\Roaming\npm;D:\Surekha\alluredownload\allure-commandline-2.25.0\allure-2.25.0\bin;C:\Users\SUREKHA\AppData\Local\Programs\Python\Python312;C:\Users\SUREKHA\AppData\Local\Programs\Python\Python312\Scripts;;C:\Program Files\JetBrains\PyCharm Community Edition 2025.1\bin;
USERNAME=SUREKHA
OS=Windows_NT
PROCESSOR_IDENTIFIER=Intel64 Family 6 Model 142 Stepping 9, GenuineIntel
TMP=C:\Users\SUREKHA\AppData\Local\Temp
TEMP=C:\Users\SUREKHA\AppData\Local\Temp




Periodic native trim disabled

---------------  S Y S T E M  ---------------

OS:
 Windows 10 , 64 bit Build 19041 (10.0.19041.5915)
OS uptime: 6 days 4:50 hours
Hyper-V role detected

CPU: total 4 (initial active 4) (2 cores per cpu, 2 threads per core) family 6 model 142 stepping 9 microcode 0xde, cx8, cmov, fxsr, ht, mmx, 3dnowpref, sse, sse2, sse3, ssse3, sse4.1, sse4.2, popcnt, lzcnt, tsc, tscinvbit, avx, avx2, aes, erms, clmul, bmi1, bmi2, adx, fma, vzeroupper, clflush, clflushopt, hv, rdtscp, f16c
Processor Information for processor 0
  Max Mhz: 2701, Current Mhz: 1500, Mhz Limit: 2701
Processor Information for processor 1
  Max Mhz: 2701, Current Mhz: 2701, Mhz Limit: 2701
Processor Information for processor 2
  Max Mhz: 2701, Current Mhz: 2701, Mhz Limit: 2701
Processor Information for processor 3
  Max Mhz: 2701, Current Mhz: 1500, Mhz Limit: 2701

Memory: 4k page, system-wide physical 4007M (160M free)
TotalPageFile size 16295M (AvailPageFile size 166M)
current process WorkingSet (physical memory assigned to process): 177M, peak: 209M
current process commit charge ("private bytes"): 208M, peak: 234M

vm_info: Java HotSpot(TM) 64-Bit Server VM (21.0.1+12-LTS-29) for windows-amd64 JRE (21.0.1+12-LTS-29), built on 2023-10-05T13:27:09Z by "mach5one" with MS VC++ 17.1 (VS2022)

END.
