#
# There is insufficient memory for the Java Runtime Environment to continue.
# Native memory allocation (malloc) failed to allocate 32744 bytes for Chunk::new
# Possible reasons:
#   The system is out of physical RAM or swap space
#   The process is running with CompressedOops enabled, and the Java Heap may be blocking the growth of the native heap
# Possible solutions:
#   Reduce memory load on the system
#   Increase physical memory or swap space
#   Check if swap backing store is full
#   Decrease Java heap size (-Xmx/-Xms)
#   Decrease number of Java threads
#   Decrease Java thread stack sizes (-Xss)
#   Set larger code cache with -XX:ReservedCodeCacheSize=
#   JVM is running with Unscaled Compressed Oops mode in which the Java heap is
#     placed in the first 4GB address space. The Java Heap base address is the
#     maximum limit for the native heap growth. Please use -XX:HeapBaseMinAddress
#     to set the Java Heap base and to place the Java Heap above 4GB virtual address.
# This output file may be truncated or incomplete.
#
#  Out of Memory Error (arena.cpp:168), pid=12568, tid=21872
#
# JRE version: Java(TM) SE Runtime Environment (21.0.1+12) (build 21.0.1+12-LTS-29)
# Java VM: Java HotSpot(TM) 64-Bit Server VM (21.0.1+12-LTS-29, mixed mode, sharing, tiered, compressed oops, compressed class ptrs, g1 gc, windows-amd64)
# No core dump will be written. Minidumps are not enabled by default on client versions of Windows
#

---------------  S U M M A R Y ------------

Command Line: C:\Users\SUREKHA\AppData\Local\Temp\surefire9365766834633896069\surefirebooter-20250703183056858_3.jar C:\Users\SUREKHA\AppData\Local\Temp\surefire9365766834633896069 2025-07-03T18-30-56_300-jvmRun1 surefire-20250703183056858_1tmp surefire_0-20250703183056858_2tmp

Host: Intel(R) Core(TM) i5-7200U CPU @ 2.50GHz, 4 cores, 3G,  Windows 10 , 64 bit Build 19041 (10.0.19041.5915)
Time: Thu Jul  3 18:31:11 2025 India Standard Time elapsed time: 14.346331 seconds (0d 0h 0m 14s)

---------------  T H R E A D  ---------------

Current thread (0x0000028b871413e0):  JavaThread "C1 CompilerThread0" daemon [_thread_in_native, id=21872, stack(0x000000fcb8e00000,0x000000fcb8f00000) (1024K)]


Current CompileTask:
C1:  14346 2637   !   3       java.io.BufferedOutputStream::flush (60 bytes)

Stack: [0x000000fcb8e00000,0x000000fcb8f00000]
Native frames: (J=compiled Java code, j=interpreted, Vv=VM code, C=native code)
V  [jvm.dll+0x6c9029]
V  [jvm.dll+0x854b81]
V  [jvm.dll+0x856e5e]
V  [jvm.dll+0x857543]
V  [jvm.dll+0x280c06]
V  [jvm.dll+0xc3ead]
V  [jvm.dll+0xc43c3]
V  [jvm.dll+0x18a08a]
V  [jvm.dll+0x17dd1e]
V  [jvm.dll+0x16be20]
V  [jvm.dll+0x1546c7]
V  [jvm.dll+0x154008]
V  [jvm.dll+0x154244]
V  [jvm.dll+0x153686]
V  [jvm.dll+0x1553ed]
V  [jvm.dll+0x2586b9]
V  [jvm.dll+0x256c9a]
V  [jvm.dll+0x3ef1b6]
V  [jvm.dll+0x7fd728]
V  [jvm.dll+0x6c777d]
C  [ucrtbase.dll+0x21bb2]
C  [KERNEL32.DLL+0x17374]
C  [ntdll.dll+0x4cc91]


---------------  P R O C E S S  ---------------

Threads class SMR info:
_java_thread_list=0x0000028b87c3d0e0, length=20, elements={
0x0000028b292ef160, 0x0000028b871297e0, 0x0000028b8712a500, 0x0000028b8712e760,
0x0000028b8712f1c0, 0x0000028b87137c30, 0x0000028b8713a6a0, 0x0000028b87140940,
0x0000028b871413e0, 0x0000028b872b0500, 0x0000028b872b3150, 0x0000028b8738c460,
0x0000028b8749be80, 0x0000028b8c153a50, 0x0000028b8c5974c0, 0x0000028b8c597b30,
0x0000028b8c592ee0, 0x0000028b8c62e920, 0x0000028b8c62efb0, 0x0000028b8c62e290
}

Java Threads: ( => current thread )
  0x0000028b292ef160 JavaThread "Forwarding newSession on session null to remote"        [_thread_blocked, id=18012, stack(0x000000fcb7f00000,0x000000fcb8000000) (1024K)]
  0x0000028b871297e0 JavaThread "Reference Handler"          daemon [_thread_blocked, id=9688, stack(0x000000fcb8700000,0x000000fcb8800000) (1024K)]
  0x0000028b8712a500 JavaThread "Finalizer"                  daemon [_thread_blocked, id=21548, stack(0x000000fcb8800000,0x000000fcb8900000) (1024K)]
  0x0000028b8712e760 JavaThread "Signal Dispatcher"          daemon [_thread_blocked, id=22456, stack(0x000000fcb8900000,0x000000fcb8a00000) (1024K)]
  0x0000028b8712f1c0 JavaThread "Attach Listener"            daemon [_thread_blocked, id=19416, stack(0x000000fcb8a00000,0x000000fcb8b00000) (1024K)]
  0x0000028b87137c30 JavaThread "Service Thread"             daemon [_thread_blocked, id=8644, stack(0x000000fcb8b00000,0x000000fcb8c00000) (1024K)]
  0x0000028b8713a6a0 JavaThread "Monitor Deflation Thread"   daemon [_thread_blocked, id=11344, stack(0x000000fcb8c00000,0x000000fcb8d00000) (1024K)]
  0x0000028b87140940 JavaThread "C2 CompilerThread0"         daemon [_thread_blocked, id=20564, stack(0x000000fcb8d00000,0x000000fcb8e00000) (1024K)]
=>0x0000028b871413e0 JavaThread "C1 CompilerThread0"         daemon [_thread_in_native, id=21872, stack(0x000000fcb8e00000,0x000000fcb8f00000) (1024K)]
  0x0000028b872b0500 JavaThread "Notification Thread"        daemon [_thread_blocked, id=3468, stack(0x000000fcb8f00000,0x000000fcb9000000) (1024K)]
  0x0000028b872b3150 JavaThread "Common-Cleaner"             daemon [_thread_blocked, id=17404, stack(0x000000fcb9000000,0x000000fcb9100000) (1024K)]
  0x0000028b8738c460 JavaThread "surefire-forkedjvm-stream-flusher" daemon [_thread_blocked, id=15632, stack(0x000000fcb9100000,0x000000fcb9200000) (1024K)]
  0x0000028b8749be80 JavaThread "surefire-forkedjvm-command-thread" daemon [_thread_in_native, id=19228, stack(0x000000fcb9200000,0x000000fcb9300000) (1024K)]
  0x0000028b8c153a50 JavaThread "ForkJoinPool.commonPool-worker-1" daemon [_thread_blocked, id=20700, stack(0x000000fcb9600000,0x000000fcb9700000) (1024K)]
  0x0000028b8c5974c0 JavaThread "ForkJoinPool.commonPool-worker-2" daemon [_thread_blocked, id=13948, stack(0x000000fcb9700000,0x000000fcb9800000) (1024K)]
  0x0000028b8c597b30 JavaThread "ForkJoinPool.commonPool-worker-3" daemon [_thread_blocked, id=11352, stack(0x000000fcb9800000,0x000000fcb9900000) (1024K)]
  0x0000028b8c592ee0 JavaThread "HttpClient-1-SelectorManager" daemon [_thread_in_native, id=17456, stack(0x000000fcb9900000,0x000000fcb9a00000) (1024K)]
  0x0000028b8c62e920 JavaThread "JdkHttpClient-0-0"          daemon [_thread_blocked, id=19636, stack(0x000000fcb9a00000,0x000000fcb9b00000) (1024K)]
  0x0000028b8c62efb0 JavaThread "JdkHttpClient-0-1"          daemon [_thread_blocked, id=16556, stack(0x000000fcb9c00000,0x000000fcb9d00000) (1024K)]
  0x0000028b8c62e290 JavaThread "JdkHttpClient-0-2"          daemon [_thread_blocked, id=12840, stack(0x000000fcb9d00000,0x000000fcb9e00000) (1024K)]
Total: 20

Other Threads:
  0x0000028b2952d920 VMThread "VM Thread"                           [id=13376, stack(0x000000fcb8600000,0x000000fcb8700000) (1024K)]
  0x0000028b29516ba0 WatcherThread "VM Periodic Task Thread"        [id=19336, stack(0x000000fcb8500000,0x000000fcb8600000) (1024K)]
  0x0000028b294a4140 WorkerThread "GC Thread#0"                     [id=11720, stack(0x000000fcb8000000,0x000000fcb8100000) (1024K)]
  0x0000028b877f7070 WorkerThread "GC Thread#1"                     [id=21756, stack(0x000000fcb9300000,0x000000fcb9400000) (1024K)]
  0x0000028b87860b70 WorkerThread "GC Thread#2"                     [id=18488, stack(0x000000fcb9400000,0x000000fcb9500000) (1024K)]
  0x0000028b878a67d0 WorkerThread "GC Thread#3"                     [id=18832, stack(0x000000fcb9500000,0x000000fcb9600000) (1024K)]
  0x0000028b294adb20 ConcurrentGCThread "G1 Main Marker"            [id=7912, stack(0x000000fcb8100000,0x000000fcb8200000) (1024K)]
  0x0000028b294ae520 WorkerThread "G1 Conc#0"                       [id=15924, stack(0x000000fcb8200000,0x000000fcb8300000) (1024K)]
  0x0000028b295087d0 ConcurrentGCThread "G1 Refine#0"               [id=2248, stack(0x000000fcb8300000,0x000000fcb8400000) (1024K)]
  0x0000028b29509240 ConcurrentGCThread "G1 Service"                [id=20860, stack(0x000000fcb8400000,0x000000fcb8500000) (1024K)]
Total: 10

Threads with active compile tasks:
C1 CompilerThread0    14414 2637   !   3       java.io.BufferedOutputStream::flush (60 bytes)
Total: 1

VM state: not at safepoint (normal execution)

VM Mutex/Monitor currently owned by a thread: None

Heap address: 0x00000000c1600000, size: 1002 MB, Compressed Oops mode: 32-bit

CDS archive(s) mapped at: [0x0000028b46000000-0x0000028b46c90000-0x0000028b46c90000), size 13172736, SharedBaseAddress: 0x0000028b46000000, ArchiveRelocationMode: 1.
Compressed class space mapped at: 0x0000028b47000000-0x0000028b87000000, reserved size: 1073741824
Narrow klass base: 0x0000028b46000000, Narrow klass shift: 0, Narrow klass range: 0x100000000

GC Precious Log:
 CardTable entry size: 512
 Card Set container configuration: InlinePtr #cards 5 size 8 Array Of Cards #cards 12 size 40 Howl #buckets 4 coarsen threshold 1843 Howl Bitmap #cards 512 size 80 coarsen threshold 460 Card regions per heap region 1 cards per card region 2048
 CPUs: 4 total, 4 available
 Memory: 4007M
 Large Page Support: Disabled
 NUMA Support: Disabled
 Compressed Oops: Enabled (32-bit)
 Heap Region Size: 1M
 Heap Min Capacity: 8M
 Heap Initial Capacity: 64M
 Heap Max Capacity: 1002M
 Pre-touch: Disabled
 Parallel Workers: 4
 Concurrent Workers: 1
 Concurrent Refinement Workers: 4
 Periodic GC: Disabled

Heap:
 garbage-first heap   total 48128K, used 17644K [0x00000000c1600000, 0x0000000100000000)
  region size 1024K, 11 young (11264K), 5 survivors (5120K)
 Metaspace       used 23110K, committed 23616K, reserved 1114112K
  class space    used 2846K, committed 3072K, reserved 1048576K

Heap Regions: E=young(eden), S=young(survivor), O=old, HS=humongous(starts), HC=humongous(continues), CS=collection set, F=free, TAMS=top-at-mark-start, PB=parsable bottom
|   0|0x00000000c1600000, 0x00000000c1700000, 0x00000000c1700000|100%| O|  |TAMS 0x00000000c1600000| PB 0x00000000c1600000| Untracked 
|   1|0x00000000c1700000, 0x00000000c1800000, 0x00000000c1800000|100%| O|  |TAMS 0x00000000c1700000| PB 0x00000000c1700000| Untracked 
|   2|0x00000000c1800000, 0x00000000c1900000, 0x00000000c1900000|100%| O|  |TAMS 0x00000000c1800000| PB 0x00000000c1800000| Untracked 
|   3|0x00000000c1900000, 0x00000000c1a00000, 0x00000000c1a00000|100%| O|  |TAMS 0x00000000c1900000| PB 0x00000000c1900000| Untracked 
|   4|0x00000000c1a00000, 0x00000000c1b00000, 0x00000000c1b00000|100%| O|  |TAMS 0x00000000c1a00000| PB 0x00000000c1a00000| Untracked 
|   5|0x00000000c1b00000, 0x00000000c1c00000, 0x00000000c1c00000|100%| O|  |TAMS 0x00000000c1b00000| PB 0x00000000c1b00000| Untracked 
|   6|0x00000000c1c00000, 0x00000000c1d00000, 0x00000000c1d00000|100%| O|  |TAMS 0x00000000c1c00000| PB 0x00000000c1c00000| Untracked 
|   7|0x00000000c1d00000, 0x00000000c1d5cb08, 0x00000000c1e00000| 36%| O|Cm|TAMS 0x00000000c1d00000| PB 0x00000000c1d00000| Complete 
|   8|0x00000000c1e00000, 0x00000000c1e00000, 0x00000000c1f00000|  0%| F|  |TAMS 0x00000000c1e00000| PB 0x00000000c1e00000| Untracked 
|   9|0x00000000c1f00000, 0x00000000c1f00000, 0x00000000c2000000|  0%| F|  |TAMS 0x00000000c1f00000| PB 0x00000000c1f00000| Untracked 
|  10|0x00000000c2000000, 0x00000000c2000000, 0x00000000c2100000|  0%| F|  |TAMS 0x00000000c2000000| PB 0x00000000c2000000| Untracked 
|  11|0x00000000c2100000, 0x00000000c2100000, 0x00000000c2200000|  0%| F|  |TAMS 0x00000000c2100000| PB 0x00000000c2100000| Untracked 
|  12|0x00000000c2200000, 0x00000000c2200000, 0x00000000c2300000|  0%| F|  |TAMS 0x00000000c2200000| PB 0x00000000c2200000| Untracked 
|  13|0x00000000c2300000, 0x00000000c2300000, 0x00000000c2400000|  0%| F|  |TAMS 0x00000000c2300000| PB 0x00000000c2300000| Untracked 
|  14|0x00000000c2400000, 0x00000000c2400000, 0x00000000c2500000|  0%| F|  |TAMS 0x00000000c2400000| PB 0x00000000c2400000| Untracked 
|  15|0x00000000c2500000, 0x00000000c2500000, 0x00000000c2600000|  0%| F|  |TAMS 0x00000000c2500000| PB 0x00000000c2500000| Untracked 
|  16|0x00000000c2600000, 0x00000000c2600000, 0x00000000c2700000|  0%| F|  |TAMS 0x00000000c2600000| PB 0x00000000c2600000| Untracked 
|  17|0x00000000c2700000, 0x00000000c2700000, 0x00000000c2800000|  0%| F|  |TAMS 0x00000000c2700000| PB 0x00000000c2700000| Untracked 
|  18|0x00000000c2800000, 0x00000000c2800000, 0x00000000c2900000|  0%| F|  |TAMS 0x00000000c2800000| PB 0x00000000c2800000| Untracked 
|  19|0x00000000c2900000, 0x00000000c2900000, 0x00000000c2a00000|  0%| F|  |TAMS 0x00000000c2900000| PB 0x00000000c2900000| Untracked 
|  20|0x00000000c2a00000, 0x00000000c2a00000, 0x00000000c2b00000|  0%| F|  |TAMS 0x00000000c2a00000| PB 0x00000000c2a00000| Untracked 
|  21|0x00000000c2b00000, 0x00000000c2b00000, 0x00000000c2c00000|  0%| F|  |TAMS 0x00000000c2b00000| PB 0x00000000c2b00000| Untracked 
|  22|0x00000000c2c00000, 0x00000000c2c00000, 0x00000000c2d00000|  0%| F|  |TAMS 0x00000000c2c00000| PB 0x00000000c2c00000| Untracked 
|  23|0x00000000c2d00000, 0x00000000c2d00000, 0x00000000c2e00000|  0%| F|  |TAMS 0x00000000c2d00000| PB 0x00000000c2d00000| Untracked 
|  24|0x00000000c2e00000, 0x00000000c2e00000, 0x00000000c2f00000|  0%| F|  |TAMS 0x00000000c2e00000| PB 0x00000000c2e00000| Untracked 
|  25|0x00000000c2f00000, 0x00000000c2f00000, 0x00000000c3000000|  0%| F|  |TAMS 0x00000000c2f00000| PB 0x00000000c2f00000| Untracked 
|  26|0x00000000c3000000, 0x00000000c3000000, 0x00000000c3100000|  0%| F|  |TAMS 0x00000000c3000000| PB 0x00000000c3000000| Untracked 
|  27|0x00000000c3100000, 0x00000000c3100000, 0x00000000c3200000|  0%| F|  |TAMS 0x00000000c3100000| PB 0x00000000c3100000| Untracked 
|  28|0x00000000c3200000, 0x00000000c3200000, 0x00000000c3300000|  0%| F|  |TAMS 0x00000000c3200000| PB 0x00000000c3200000| Untracked 
|  29|0x00000000c3300000, 0x00000000c3300000, 0x00000000c3400000|  0%| F|  |TAMS 0x00000000c3300000| PB 0x00000000c3300000| Untracked 
|  30|0x00000000c3400000, 0x00000000c3400000, 0x00000000c3500000|  0%| F|  |TAMS 0x00000000c3400000| PB 0x00000000c3400000| Untracked 
|  31|0x00000000c3500000, 0x00000000c3500000, 0x00000000c3600000|  0%| F|  |TAMS 0x00000000c3500000| PB 0x00000000c3500000| Untracked 
|  32|0x00000000c3600000, 0x00000000c3600000, 0x00000000c3700000|  0%| F|  |TAMS 0x00000000c3600000| PB 0x00000000c3600000| Untracked 
|  33|0x00000000c3700000, 0x00000000c3700000, 0x00000000c3800000|  0%| F|  |TAMS 0x00000000c3700000| PB 0x00000000c3700000| Untracked 
|  34|0x00000000c3800000, 0x00000000c3800000, 0x00000000c3900000|  0%| F|  |TAMS 0x00000000c3800000| PB 0x00000000c3800000| Untracked 
|  35|0x00000000c3900000, 0x00000000c3900000, 0x00000000c3a00000|  0%| F|  |TAMS 0x00000000c3900000| PB 0x00000000c3900000| Untracked 
|  36|0x00000000c3a00000, 0x00000000c3b00000, 0x00000000c3b00000|100%| E|  |TAMS 0x00000000c3a00000| PB 0x00000000c3a00000| Complete 
|  37|0x00000000c3b00000, 0x00000000c3c00000, 0x00000000c3c00000|100%| E|CS|TAMS 0x00000000c3b00000| PB 0x00000000c3b00000| Complete 
|  38|0x00000000c3c00000, 0x00000000c3d00000, 0x00000000c3d00000|100%| E|CS|TAMS 0x00000000c3c00000| PB 0x00000000c3c00000| Complete 
|  39|0x00000000c3d00000, 0x00000000c3e00000, 0x00000000c3e00000|100%| E|CS|TAMS 0x00000000c3d00000| PB 0x00000000c3d00000| Complete 
|  40|0x00000000c3e00000, 0x00000000c3f00000, 0x00000000c3f00000|100%| E|CS|TAMS 0x00000000c3e00000| PB 0x00000000c3e00000| Complete 
|  43|0x00000000c4100000, 0x00000000c41de5e0, 0x00000000c4200000| 86%| S|CS|TAMS 0x00000000c4100000| PB 0x00000000c4100000| Complete 
|  44|0x00000000c4200000, 0x00000000c4300000, 0x00000000c4300000|100%| S|CS|TAMS 0x00000000c4200000| PB 0x00000000c4200000| Complete 
|  45|0x00000000c4300000, 0x00000000c4400000, 0x00000000c4400000|100%| S|CS|TAMS 0x00000000c4300000| PB 0x00000000c4300000| Complete 
|  46|0x00000000c4400000, 0x00000000c4500000, 0x00000000c4500000|100%| S|CS|TAMS 0x00000000c4400000| PB 0x00000000c4400000| Complete 
|  47|0x00000000c4500000, 0x00000000c4600000, 0x00000000c4600000|100%| S|CS|TAMS 0x00000000c4500000| PB 0x00000000c4500000| Complete 
|  63|0x00000000c5500000, 0x00000000c5600000, 0x00000000c5600000|100%| E|CS|TAMS 0x00000000c5500000| PB 0x00000000c5500000| Complete 

Card table byte_map: [0x0000028b42900000,0x0000028b42b00000] _byte_map_base: 0x0000028b422f5000

Marking Bits: (CMBitMap*) 0x0000028b294a4740
 Bits: [0x0000028b42b00000, 0x0000028b43aa8000)

Polling page: 0x0000028b29540000

Metaspace:

Usage:
  Non-class:     19.79 MB used.
      Class:      2.78 MB used.
       Both:     22.57 MB used.

Virtual space:
  Non-class space:       64.00 MB reserved,      20.06 MB ( 31%) committed,  1 nodes.
      Class space:        1.00 GB reserved,       3.00 MB ( <1%) committed,  1 nodes.
             Both:        1.06 GB reserved,      23.06 MB (  2%) committed. 

Chunk freelists:
   Non-Class:  11.52 MB
       Class:  12.91 MB
        Both:  24.43 MB

MaxMetaspaceSize: unlimited
CompressedClassSpaceSize: 1.00 GB
Initial GC threshold: 21.00 MB
Current GC threshold: 35.12 MB
CDS: on
 - commit_granule_bytes: 65536.
 - commit_granule_words: 8192.
 - virtual_space_node_default_size: 8388608.
 - enlarge_chunks_in_place: 1.
 - use_allocation_guard: 0.


Internal statistics:

num_allocs_failed_limit: 3.
num_arena_births: 538.
num_arena_deaths: 0.
num_vsnodes_births: 2.
num_vsnodes_deaths: 0.
num_space_committed: 369.
num_space_uncommitted: 0.
num_chunks_returned_to_freelist: 3.
num_chunks_taken_from_freelist: 1201.
num_chunk_merges: 3.
num_chunk_splits: 751.
num_chunks_enlarged: 489.
num_inconsistent_stats: 0.

CodeHeap 'non-profiled nmethods': size=120000Kb used=1016Kb max_used=1016Kb free=118984Kb
 bounds [0x0000028b3abb0000, 0x0000028b3ae20000, 0x0000028b420e0000]
CodeHeap 'profiled nmethods': size=120000Kb used=5039Kb max_used=5039Kb free=114960Kb
 bounds [0x0000028b330e0000, 0x0000028b335d0000, 0x0000028b3a610000]
CodeHeap 'non-nmethods': size=5760Kb used=1571Kb max_used=1591Kb free=4189Kb
 bounds [0x0000028b3a610000, 0x0000028b3a880000, 0x0000028b3abb0000]
 total_blobs=3264 nmethods=2636 adapters=532
 compilation: enabled
              stopped_count=0, restarted_count=0
 full_count=0

Compilation events (20 events):
Event: 12.583 Thread 0x0000028b871413e0 nmethod 2626 0x0000028b335c9510 code [0x0000028b335c96a0, 0x0000028b335c9800]
Event: 12.692 Thread 0x0000028b871413e0 2627       3       jdk.internal.misc.Unsafe::weakCompareAndSetLong (11 bytes)
Event: 12.692 Thread 0x0000028b871413e0 nmethod 2627 0x0000028b335c9890 code [0x0000028b335c9a20, 0x0000028b335c9b50]
Event: 13.020 Thread 0x0000028b871413e0 2628       3       java.util.concurrent.locks.LockSupport::setBlocker (12 bytes)
Event: 13.020 Thread 0x0000028b871413e0 nmethod 2628 0x0000028b335c9c10 code [0x0000028b335c9dc0, 0x0000028b335c9fc0]
Event: 13.238 Thread 0x0000028b871413e0 2629       3       java.lang.Thread::isVirtual (5 bytes)
Event: 13.239 Thread 0x0000028b871413e0 nmethod 2629 0x0000028b335ca090 code [0x0000028b335ca240, 0x0000028b335ca448]
Event: 13.348 Thread 0x0000028b871413e0 2630       3       java.util.concurrent.TimeUnit::toNanos (45 bytes)
Event: 13.349 Thread 0x0000028b871413e0 nmethod 2630 0x0000028b335ca510 code [0x0000028b335ca6c0, 0x0000028b335ca938]
Event: 13.349 Thread 0x0000028b871413e0 2631       3       java.util.concurrent.ThreadPoolExecutor::workerCountOf (5 bytes)
Event: 13.349 Thread 0x0000028b871413e0 nmethod 2631 0x0000028b335caa10 code [0x0000028b335caba0, 0x0000028b335cac98]
Event: 13.458 Thread 0x0000028b871413e0 2632       3       jdk.internal.misc.Unsafe::getAndAddLong (27 bytes)
Event: 13.459 Thread 0x0000028b871413e0 nmethod 2632 0x0000028b335cad10 code [0x0000028b335caec0, 0x0000028b335cb110]
Event: 13.897 Thread 0x0000028b871413e0 2634       1       org.apache.maven.surefire.api.util.internal.AbstractNoninterruptibleWritableChannel::isOpen (5 bytes)
Event: 13.898 Thread 0x0000028b871413e0 nmethod 2634 0x0000028b3acadd10 code [0x0000028b3acadea0, 0x0000028b3acadf70]
Event: 14.114 Thread 0x0000028b871413e0 2635       3       java.io.BufferedOutputStream::flushBuffer (29 bytes)
Event: 14.115 Thread 0x0000028b871413e0 nmethod 2635 0x0000028b335cb210 code [0x0000028b335cb3c0, 0x0000028b335cb5f8]
Event: 14.115 Thread 0x0000028b871413e0 2636       3       java.util.concurrent.locks.AbstractQueuedSynchronizer$ConditionObject::canReacquire (38 bytes)
Event: 14.115 Thread 0x0000028b871413e0 nmethod 2636 0x0000028b335cb710 code [0x0000028b335cb8e0, 0x0000028b335cbc70]
Event: 14.331 Thread 0x0000028b871413e0 2637   !   3       java.io.BufferedOutputStream::flush (60 bytes)

GC Heap History (8 events):
Event: 1.326 GC heap before
{Heap before GC invocations=0 (full 0):
 garbage-first heap   total 65536K, used 12288K [0x00000000c1600000, 0x0000000100000000)
  region size 1024K, 13 young (13312K), 0 survivors (0K)
 Metaspace       used 3161K, committed 3328K, reserved 1114112K
  class space    used 292K, committed 384K, reserved 1048576K
}
Event: 1.338 GC heap after
{Heap after GC invocations=1 (full 0):
 garbage-first heap   total 65536K, used 6968K [0x00000000c1600000, 0x0000000100000000)
  region size 1024K, 2 young (2048K), 2 survivors (2048K)
 Metaspace       used 3161K, committed 3328K, reserved 1114112K
  class space    used 292K, committed 384K, reserved 1048576K
}
Event: 1.803 GC heap before
{Heap before GC invocations=1 (full 0):
 garbage-first heap   total 65536K, used 17208K [0x00000000c1600000, 0x0000000100000000)
  region size 1024K, 12 young (12288K), 2 survivors (2048K)
 Metaspace       used 5527K, committed 5696K, reserved 1114112K
  class space    used 621K, committed 704K, reserved 1048576K
}
Event: 1.807 GC heap after
{Heap after GC invocations=2 (full 0):
 garbage-first heap   total 65536K, used 7582K [0x00000000c1600000, 0x0000000100000000)
  region size 1024K, 1 young (1024K), 1 survivors (1024K)
 Metaspace       used 5527K, committed 5696K, reserved 1114112K
  class space    used 621K, committed 704K, reserved 1048576K
}
Event: 3.956 GC heap before
{Heap before GC invocations=2 (full 0):
 garbage-first heap   total 65536K, used 34206K [0x00000000c1600000, 0x0000000100000000)
  region size 1024K, 28 young (28672K), 1 survivors (1024K)
 Metaspace       used 14536K, committed 14848K, reserved 1114112K
  class space    used 1714K, committed 1856K, reserved 1048576K
}
Event: 3.966 GC heap after
{Heap after GC invocations=3 (full 0):
 garbage-first heap   total 65536K, used 10120K [0x00000000c1600000, 0x0000000100000000)
  region size 1024K, 3 young (3072K), 3 survivors (3072K)
 Metaspace       used 14536K, committed 14848K, reserved 1114112K
  class space    used 1714K, committed 1856K, reserved 1048576K
}
Event: 5.262 GC heap before
{Heap before GC invocations=3 (full 0):
 garbage-first heap   total 65536K, used 24456K [0x00000000c1600000, 0x0000000100000000)
  region size 1024K, 19 young (19456K), 3 survivors (3072K)
 Metaspace       used 21137K, committed 21504K, reserved 1114112K
  class space    used 2517K, committed 2688K, reserved 1048576K
}
Event: 5.274 GC heap after
{Heap after GC invocations=4 (full 0):
 garbage-first heap   total 65536K, used 12524K [0x00000000c1600000, 0x0000000100000000)
  region size 1024K, 5 young (5120K), 5 survivors (5120K)
 Metaspace       used 21137K, committed 21504K, reserved 1114112K
  class space    used 2517K, committed 2688K, reserved 1048576K
}

Dll operation events (11 events):
Event: 0.029 Loaded shared library C:\Program Files\Java\jdk-21\bin\java.dll
Event: 0.289 Loaded shared library C:\Program Files\Java\jdk-21\bin\jsvml.dll
Event: 0.329 Loaded shared library C:\Program Files\Java\jdk-21\bin\net.dll
Event: 0.335 Loaded shared library C:\Program Files\Java\jdk-21\bin\nio.dll
Event: 0.341 Loaded shared library C:\Program Files\Java\jdk-21\bin\zip.dll
Event: 0.418 Loaded shared library C:\Program Files\Java\jdk-21\bin\management.dll
Event: 0.433 Loaded shared library C:\Program Files\Java\jdk-21\bin\management_ext.dll
Event: 0.477 Loaded shared library C:\Program Files\Java\jdk-21\bin\jimage.dll
Event: 1.207 Loaded shared library C:\Program Files\Java\jdk-21\bin\verify.dll
Event: 5.137 Loaded shared library C:\Program Files\Java\jdk-21\bin\sunmscapi.dll
Event: 5.235 Loaded shared library C:\Program Files\Java\jdk-21\bin\extnet.dll

Deoptimization events (20 events):
Event: 5.149 Thread 0x0000028b292ef160 Uncommon trap: trap_request=0xffffff45 fr.pc=0x0000028b3ac909a8 relative=0x0000000000000208
Event: 5.149 Thread 0x0000028b292ef160 Uncommon trap: reason=unstable_if action=reinterpret pc=0x0000028b3ac909a8 method=java.util.HashMap.putVal(ILjava/lang/Object;Ljava/lang/Object;ZZ)Ljava/lang/Object; @ 162 c2
Event: 5.149 Thread 0x0000028b292ef160 DEOPT PACKING pc=0x0000028b3ac909a8 sp=0x000000fcb7ffb3a0
Event: 5.149 Thread 0x0000028b292ef160 DEOPT UNPACKING pc=0x0000028b3a6646a2 sp=0x000000fcb7ffb2c8 mode 2
Event: 5.178 Thread 0x0000028b292ef160 Uncommon trap: trap_request=0xffffff3d fr.pc=0x0000028b3ac5e1dc relative=0x000000000000029c
Event: 5.178 Thread 0x0000028b292ef160 Uncommon trap: reason=unstable_fused_if action=reinterpret pc=0x0000028b3ac5e1dc method=java.lang.CharacterDataLatin1.equalsIgnoreCase(BB)Z @ 16 c2
Event: 5.178 Thread 0x0000028b292ef160 DEOPT PACKING pc=0x0000028b3ac5e1dc sp=0x000000fcb7ffc200
Event: 5.178 Thread 0x0000028b292ef160 DEOPT UNPACKING pc=0x0000028b3a6646a2 sp=0x000000fcb7ffc058 mode 2
Event: 5.437 Thread 0x0000028b292ef160 Uncommon trap: trap_request=0xffffff45 fr.pc=0x0000028b3ac1f840 relative=0x00000000000000a0
Event: 5.437 Thread 0x0000028b292ef160 Uncommon trap: reason=unstable_if action=reinterpret pc=0x0000028b3ac1f840 method=java.lang.CharacterDataLatin1.isWhitespace(I)Z @ 14 c2
Event: 5.437 Thread 0x0000028b292ef160 DEOPT PACKING pc=0x0000028b3ac1f840 sp=0x000000fcb7ffdd80
Event: 5.437 Thread 0x0000028b292ef160 DEOPT UNPACKING pc=0x0000028b3a6646a2 sp=0x000000fcb7ffdcf0 mode 2
Event: 5.581 Thread 0x0000028b8c62efb0 Uncommon trap: trap_request=0xffffff45 fr.pc=0x0000028b3ac63d84 relative=0x0000000000000b84
Event: 5.581 Thread 0x0000028b8c62efb0 Uncommon trap: reason=unstable_if action=reinterpret pc=0x0000028b3ac63d84 method=java.util.concurrent.ConcurrentHashMap.addCount(JI)V @ 34 c2
Event: 5.581 Thread 0x0000028b8c62efb0 DEOPT PACKING pc=0x0000028b3ac63d84 sp=0x000000fcb9cfe7e0
Event: 5.581 Thread 0x0000028b8c62efb0 DEOPT UNPACKING pc=0x0000028b3a6646a2 sp=0x000000fcb9cfe6a0 mode 2
Event: 5.581 Thread 0x0000028b8c62e920 Uncommon trap: trap_request=0xffffff45 fr.pc=0x0000028b3ac0264c relative=0x000000000000016c
Event: 5.581 Thread 0x0000028b8c62e920 Uncommon trap: reason=unstable_if action=reinterpret pc=0x0000028b3ac0264c method=java.util.concurrent.ConcurrentHashMap.addCount(JI)V @ 7 c2
Event: 5.581 Thread 0x0000028b8c62e920 DEOPT PACKING pc=0x0000028b3ac0264c sp=0x000000fcb9afd7c0
Event: 5.581 Thread 0x0000028b8c62e920 DEOPT UNPACKING pc=0x0000028b3a6646a2 sp=0x000000fcb9afd720 mode 2

Classes loaded (20 events):
Event: 5.573 Loading class sun/nio/ch/SelectionKeyImpl
Event: 5.573 Loading class java/nio/channels/spi/AbstractSelectionKey
Event: 5.573 Loading class java/nio/channels/SelectionKey
Event: 5.573 Loading class java/nio/channels/SelectionKey done
Event: 5.573 Loading class java/nio/channels/spi/AbstractSelectionKey done
Event: 5.573 Loading class sun/nio/ch/SelectionKeyImpl done
Event: 5.574 Loading class java/lang/invoke/ConstantBootstraps
Event: 5.574 Loading class java/lang/invoke/ConstantBootstraps done
Event: 5.575 Loading class java/util/concurrent/CompletableFuture$UniRelay
Event: 5.575 Loading class java/util/concurrent/CompletableFuture$UniRelay done
Event: 5.583 Loading class sun/nio/ch/IOVecWrapper
Event: 5.583 Loading class sun/nio/ch/IOVecWrapper done
Event: 5.584 Loading class sun/nio/ch/AllocatedNativeObject
Event: 5.584 Loading class sun/nio/ch/NativeObject
Event: 5.584 Loading class sun/nio/ch/NativeObject done
Event: 5.585 Loading class sun/nio/ch/AllocatedNativeObject done
Event: 5.585 Loading class sun/nio/ch/IOVecWrapper$Deallocator
Event: 5.585 Loading class sun/nio/ch/IOVecWrapper$Deallocator done
Event: 5.595 Loading class java/util/concurrent/CompletableFuture$UniApply
Event: 5.595 Loading class java/util/concurrent/CompletableFuture$UniApply done

Classes unloaded (0 events):
No events

Classes redefined (0 events):
No events

Internal exceptions (20 events):
Event: 4.712 Thread 0x0000028b292ef160 Exception <a 'java/lang/NoSuchMethodError'{0x00000000c4d299a0}: 'java.lang.Object java.lang.invoke.DirectMethodHandle$Holder.invokeStatic(java.lang.Object, int, java.lang.Object, java.lang.Object)'> (0x00000000c4d299a0) 
thrown [s\open\src\hotspot\share\interpreter\linkResolver.cpp, line 773]
Event: 4.713 Thread 0x0000028b292ef160 Exception <a 'java/lang/NoSuchMethodError'{0x00000000c4d2d910}: 'java.lang.Object java.lang.invoke.DirectMethodHandle$Holder.invokeSpecial(java.lang.Object, java.lang.Object, int, java.lang.Object, java.lang.Object)'> (0x00000000c4d2d910) 
thrown [s\open\src\hotspot\share\interpreter\linkResolver.cpp, line 773]
Event: 4.714 Thread 0x0000028b292ef160 Exception <a 'java/lang/NoSuchMethodError'{0x00000000c4d31340}: 'java.lang.Object java.lang.invoke.DelegatingMethodHandle$Holder.delegate(java.lang.Object, int, java.lang.Object, java.lang.Object)'> (0x00000000c4d31340) 
thrown [s\open\src\hotspot\share\interpreter\linkResolver.cpp, line 773]
Event: 4.717 Thread 0x0000028b292ef160 Exception <a 'java/lang/NoSuchMethodError'{0x00000000c4d408b0}: 'int java.lang.invoke.Invokers$Holder.linkToTargetMethod(java.lang.Object, java.lang.Object, java.lang.Object)'> (0x00000000c4d408b0) 
thrown [s\open\src\hotspot\share\interpreter\linkResolver.cpp, line 773]
Event: 4.721 Thread 0x0000028b292ef160 Exception <a 'java/lang/NoSuchMethodError'{0x00000000c4d4f608}: 'long java.lang.invoke.DirectMethodHandle$Holder.invokeSpecial(java.lang.Object, java.lang.Object)'> (0x00000000c4d4f608) 
thrown [s\open\src\hotspot\share\interpreter\linkResolver.cpp, line 773]
Event: 4.823 Thread 0x0000028b292ef160 Exception <a 'sun/nio/fs/WindowsException'{0x00000000c4c48730}> (0x00000000c4c48730) 
thrown [s\open\src\hotspot\share\prims\jni.cpp, line 520]
Event: 4.944 Thread 0x0000028b292ef160 Exception <a 'java/lang/NoSuchMethodError'{0x00000000c4bfda08}: 'void java.lang.invoke.DirectMethodHandle$Holder.invokeVirtual(java.lang.Object, java.lang.Object)'> (0x00000000c4bfda08) 
thrown [s\open\src\hotspot\share\interpreter\linkResolver.cpp, line 773]
Event: 5.295 Thread 0x0000028b292ef160 Exception <a 'java/lang/NoSuchMethodError'{0x00000000c55570d0}: 'java.lang.Object java.lang.invoke.DirectMethodHandle$Holder.invokeInterface(java.lang.Object, java.lang.Object, java.lang.Object, java.lang.Object)'> (0x00000000c55570d0) 
thrown [s\open\src\hotspot\share\interpreter\linkResolver.cpp, line 773]
Event: 5.300 Thread 0x0000028b292ef160 Exception <a 'java/lang/NoSuchMethodError'{0x00000000c5561d48}: 'void java.lang.invoke.DirectMethodHandle$Holder.invokeInterface(java.lang.Object, java.lang.Object, java.lang.Object)'> (0x00000000c5561d48) 
thrown [s\open\src\hotspot\share\interpreter\linkResolver.cpp, line 773]
Event: 5.305 Thread 0x0000028b292ef160 Exception <a 'java/lang/IncompatibleClassChangeError'{0x00000000c55730f0}: Found class java.lang.Object, but interface was expected> (0x00000000c55730f0) 
thrown [s\open\src\hotspot\share\interpreter\linkResolver.cpp, line 840]
Event: 5.307 Thread 0x0000028b292ef160 Exception <a 'java/lang/NoSuchMethodError'{0x00000000c5578c50}: 'int java.lang.invoke.DirectMethodHandle$Holder.invokeSpecialIFC(java.lang.Object, java.lang.Object, java.lang.Object, java.lang.Object)'> (0x00000000c5578c50) 
thrown [s\open\src\hotspot\share\interpreter\linkResolver.cpp, line 773]
Event: 5.376 Thread 0x0000028b292ef160 Exception <a 'java/lang/NoSuchMethodError'{0x00000000c3ee1c20}: 'double java.lang.invoke.DirectMethodHandle$Holder.invokeVirtual(java.lang.Object, java.lang.Object)'> (0x00000000c3ee1c20) 
thrown [s\open\src\hotspot\share\interpreter\linkResolver.cpp, line 773]
Event: 5.377 Thread 0x0000028b292ef160 Exception <a 'java/lang/NoSuchMethodError'{0x00000000c3ee7bf0}: 'float java.lang.invoke.DirectMethodHandle$Holder.invokeVirtual(java.lang.Object, java.lang.Object)'> (0x00000000c3ee7bf0) 
thrown [s\open\src\hotspot\share\interpreter\linkResolver.cpp, line 773]
Event: 5.378 Thread 0x0000028b292ef160 Exception <a 'java/lang/NoSuchMethodError'{0x00000000c3eefd00}: 'long java.lang.invoke.DirectMethodHandle$Holder.invokeVirtual(java.lang.Object, java.lang.Object)'> (0x00000000c3eefd00) 
thrown [s\open\src\hotspot\share\interpreter\linkResolver.cpp, line 773]
Event: 5.388 Thread 0x0000028b292ef160 Exception <a 'java/lang/NoSuchMethodError'{0x00000000c3d1b5b8}: 'java.lang.Object java.lang.invoke.DirectMethodHandle$Holder.invokeVirtual(java.lang.Object, java.lang.Object, java.lang.Object)'> (0x00000000c3d1b5b8) 
thrown [s\open\src\hotspot\share\interpreter\linkResolver.cpp, line 773]
Event: 5.420 Thread 0x0000028b292ef160 Exception <a 'java/lang/NoSuchMethodError'{0x00000000c3dd7720}: 'java.lang.Object java.lang.invoke.DirectMethodHandle$Holder.newInvokeSpecial(java.lang.Object, java.lang.Object, int, int)'> (0x00000000c3dd7720) 
thrown [s\open\src\hotspot\share\interpreter\linkResolver.cpp, line 773]
Event: 5.422 Thread 0x0000028b292ef160 Exception <a 'java/lang/NoSuchMethodError'{0x00000000c3de1bb8}: 'void java.lang.invoke.DirectMethodHandle$Holder.invokeStatic(java.lang.Object, java.lang.Object, int)'> (0x00000000c3de1bb8) 
thrown [s\open\src\hotspot\share\interpreter\linkResolver.cpp, line 773]
Event: 5.471 Thread 0x0000028b292ef160 Exception <a 'java/lang/NoSuchMethodError'{0x00000000c3cc7548}: 'void java.lang.invoke.DirectMethodHandle$Holder.invokeInterface(java.lang.Object, java.lang.Object, java.lang.Object, java.lang.Object, java.lang.Object)'> (0x00000000c3cc7548) 
thrown [s\open\src\hotspot\share\interpreter\linkResolver.cpp, line 773]
Event: 5.535 Thread 0x0000028b8c62e920 Exception <a 'java/lang/NoSuchMethodError'{0x00000000c3bddf40}: 'java.lang.Object java.lang.invoke.DirectMethodHandle$Holder.invokeSpecial(java.lang.Object, java.lang.Object, java.lang.Object, java.lang.Object, int)'> (0x00000000c3bddf40) 
thrown [s\open\src\hotspot\share\interpreter\linkResolver.cpp, line 773]
Event: 5.536 Thread 0x0000028b8c62e920 Exception <a 'java/lang/NoSuchMethodError'{0x00000000c3be1888}: 'java.lang.Object java.lang.invoke.Invokers$Holder.linkToTargetMethod(java.lang.Object, java.lang.Object, int, java.lang.Object)'> (0x00000000c3be1888) 
thrown [s\open\src\hotspot\share\interpreter\linkResolver.cpp, line 773]

ZGC Phase Switch (0 events):
No events

VM Operations (20 events):
Event: 3.956 Executing VM operation: G1CollectForAllocation (G1 Evacuation Pause)
Event: 3.966 Executing VM operation: G1CollectForAllocation (G1 Evacuation Pause) done
Event: 4.057 Executing VM operation: HandshakeAllThreads (Deoptimize)
Event: 4.057 Executing VM operation: HandshakeAllThreads (Deoptimize) done
Event: 4.694 Executing VM operation: HandshakeAllThreads (Deoptimize)
Event: 4.694 Executing VM operation: HandshakeAllThreads (Deoptimize) done
Event: 4.773 Executing VM operation: HandshakeAllThreads (Deoptimize)
Event: 4.773 Executing VM operation: HandshakeAllThreads (Deoptimize) done
Event: 4.825 Executing VM operation: HandshakeAllThreads (Deoptimize)
Event: 4.825 Executing VM operation: HandshakeAllThreads (Deoptimize) done
Event: 4.934 Executing VM operation: HandshakeAllThreads (Deoptimize)
Event: 4.934 Executing VM operation: HandshakeAllThreads (Deoptimize) done
Event: 5.262 Executing VM operation: CollectForMetadataAllocation (Metadata GC Threshold)
Event: 5.275 Executing VM operation: CollectForMetadataAllocation (Metadata GC Threshold) done
Event: 5.290 Executing VM operation: G1PauseRemark
Event: 5.294 Executing VM operation: G1PauseRemark done
Event: 5.298 Executing VM operation: G1PauseCleanup
Event: 5.298 Executing VM operation: G1PauseCleanup done
Event: 6.298 Executing VM operation: Cleanup
Event: 6.299 Executing VM operation: Cleanup done

Events (20 events):
Event: 0.274 Thread 0x0000028b8712a500 Thread added: 0x0000028b8712a500
Event: 0.275 Thread 0x0000028b8712e760 Thread added: 0x0000028b8712e760
Event: 0.276 Thread 0x0000028b8712f1c0 Thread added: 0x0000028b8712f1c0
Event: 0.276 Thread 0x0000028b87137c30 Thread added: 0x0000028b87137c30
Event: 0.276 Thread 0x0000028b8713a6a0 Thread added: 0x0000028b8713a6a0
Event: 0.276 Thread 0x0000028b87140940 Thread added: 0x0000028b87140940
Event: 0.276 Thread 0x0000028b871413e0 Thread added: 0x0000028b871413e0
Event: 0.319 Thread 0x0000028b872b0500 Thread added: 0x0000028b872b0500
Event: 0.322 Thread 0x0000028b872b3150 Thread added: 0x0000028b872b3150
Event: 0.756 Thread 0x0000028b8738c460 Thread added: 0x0000028b8738c460
Event: 0.787 Thread 0x0000028b8749be80 Thread added: 0x0000028b8749be80
Event: 2.582 Thread 0x0000028b8c10e180 Thread added: 0x0000028b8c10e180
Event: 2.855 Thread 0x0000028b8c10e180 Thread exited: 0x0000028b8c10e180
Event: 3.314 Thread 0x0000028b8c153a50 Thread added: 0x0000028b8c153a50
Event: 3.315 Thread 0x0000028b8c5974c0 Thread added: 0x0000028b8c5974c0
Event: 3.315 Thread 0x0000028b8c597b30 Thread added: 0x0000028b8c597b30
Event: 5.247 Thread 0x0000028b8c592ee0 Thread added: 0x0000028b8c592ee0
Event: 5.515 Thread 0x0000028b8c62e920 Thread added: 0x0000028b8c62e920
Event: 5.579 Thread 0x0000028b8c62efb0 Thread added: 0x0000028b8c62efb0
Event: 5.580 Thread 0x0000028b8c62e290 Thread added: 0x0000028b8c62e290


Dynamic libraries:
0x00007ff62fde0000 - 0x00007ff62fdf0000 	C:\Program Files\Java\jdk-21\bin\java.exe
0x00007ffd52c10000 - 0x00007ffd52e08000 	C:\Windows\SYSTEM32\ntdll.dll
0x00007ffd51c10000 - 0x00007ffd51cd2000 	C:\Windows\System32\KERNEL32.DLL
0x00007ffd50440000 - 0x00007ffd50736000 	C:\Windows\System32\KERNELBASE.dll
0x00007ffd50770000 - 0x00007ffd50870000 	C:\Windows\System32\ucrtbase.dll
0x00007ffd2dca0000 - 0x00007ffd2dcbb000 	C:\Program Files\Java\jdk-21\bin\VCRUNTIME140.dll
0x00007ffd2dcc0000 - 0x00007ffd2dcd9000 	C:\Program Files\Java\jdk-21\bin\jli.dll
0x00007ffd50c40000 - 0x00007ffd50cf1000 	C:\Windows\System32\ADVAPI32.dll
0x00007ffd50eb0000 - 0x00007ffd50f4e000 	C:\Windows\System32\msvcrt.dll
0x00007ffd51aa0000 - 0x00007ffd51b3f000 	C:\Windows\System32\sechost.dll
0x00007ffd51690000 - 0x00007ffd517b3000 	C:\Windows\System32\RPCRT4.dll
0x00007ffd50ac0000 - 0x00007ffd50ae7000 	C:\Windows\System32\bcrypt.dll
0x00007ffd51100000 - 0x00007ffd5129d000 	C:\Windows\System32\USER32.dll
0x00007ffd34a60000 - 0x00007ffd34cfa000 	C:\Windows\WinSxS\amd64_microsoft.windows.common-controls_6595b64144ccf1df_6.0.19041.5915_none_60b4b9d171f9c7c7\COMCTL32.dll
0x00007ffd50740000 - 0x00007ffd50762000 	C:\Windows\System32\win32u.dll
0x00007ffd52a10000 - 0x00007ffd52a3b000 	C:\Windows\System32\GDI32.dll
0x00007ffd50320000 - 0x00007ffd50439000 	C:\Windows\System32\gdi32full.dll
0x00007ffd508c0000 - 0x00007ffd5095d000 	C:\Windows\System32\msvcp_win.dll
0x00007ffd49ad0000 - 0x00007ffd49ada000 	C:\Windows\SYSTEM32\VERSION.dll
0x00007ffd51660000 - 0x00007ffd5168f000 	C:\Windows\System32\IMM32.DLL
0x00007ffd2dc90000 - 0x00007ffd2dc9c000 	C:\Program Files\Java\jdk-21\bin\vcruntime140_1.dll
0x00007ffd2b5d0000 - 0x00007ffd2b65e000 	C:\Program Files\Java\jdk-21\bin\msvcp140.dll
0x00007ffd2a8b0000 - 0x00007ffd2b5c5000 	C:\Program Files\Java\jdk-21\bin\server\jvm.dll
0x00007ffd521c0000 - 0x00007ffd5222b000 	C:\Windows\System32\WS2_32.dll
0x00007ffd50100000 - 0x00007ffd5014b000 	C:\Windows\SYSTEM32\POWRPROF.dll
0x00007ffd372b0000 - 0x00007ffd372d7000 	C:\Windows\SYSTEM32\WINMM.dll
0x00007ffd500e0000 - 0x00007ffd500f2000 	C:\Windows\SYSTEM32\UMPDC.dll
0x00007ffd4ea80000 - 0x00007ffd4ea92000 	C:\Windows\SYSTEM32\kernel.appcore.dll
0x00007ffd2dc40000 - 0x00007ffd2dc4a000 	C:\Program Files\Java\jdk-21\bin\jimage.dll
0x00007ffd4dfc0000 - 0x00007ffd4e1c1000 	C:\Windows\SYSTEM32\DBGHELP.DLL
0x00007ffd46990000 - 0x00007ffd469c4000 	C:\Windows\SYSTEM32\dbgcore.DLL
0x00007ffd50ba0000 - 0x00007ffd50c22000 	C:\Windows\System32\bcryptPrimitives.dll
0x00007ffd2dc20000 - 0x00007ffd2dc3f000 	C:\Program Files\Java\jdk-21\bin\java.dll
0x00007ffd52290000 - 0x00007ffd529fe000 	C:\Windows\System32\SHELL32.dll
0x00007ffd4e2c0000 - 0x00007ffd4ea64000 	C:\Windows\SYSTEM32\windows.storage.dll
0x00007ffd512a0000 - 0x00007ffd515f3000 	C:\Windows\System32\combase.dll
0x00007ffd4fc00000 - 0x00007ffd4fc2b000 	C:\Windows\SYSTEM32\Wldp.dll
0x00007ffd50d00000 - 0x00007ffd50dcd000 	C:\Windows\System32\OLEAUT32.dll
0x00007ffd51b60000 - 0x00007ffd51c0d000 	C:\Windows\System32\SHCORE.dll
0x00007ffd51600000 - 0x00007ffd5165b000 	C:\Windows\System32\shlwapi.dll
0x00007ffd501d0000 - 0x00007ffd501f5000 	C:\Windows\SYSTEM32\profapi.dll
0x00007ffd2a3f0000 - 0x00007ffd2a4c7000 	C:\Program Files\Java\jdk-21\bin\jsvml.dll
0x00007ffd2a6a0000 - 0x00007ffd2a6b0000 	C:\Program Files\Java\jdk-21\bin\net.dll
0x00007ffd48030000 - 0x00007ffd4813a000 	C:\Windows\SYSTEM32\WINHTTP.dll
0x00007ffd4f960000 - 0x00007ffd4f9ca000 	C:\Windows\system32\mswsock.dll
0x00007ffd2a380000 - 0x00007ffd2a396000 	C:\Program Files\Java\jdk-21\bin\nio.dll
0x00007ffd2a360000 - 0x00007ffd2a378000 	C:\Program Files\Java\jdk-21\bin\zip.dll
0x00007ffd24bf0000 - 0x00007ffd24bfa000 	C:\Program Files\Java\jdk-21\bin\management.dll
0x00007ffd24be0000 - 0x00007ffd24beb000 	C:\Program Files\Java\jdk-21\bin\management_ext.dll
0x00007ffd52a00000 - 0x00007ffd52a08000 	C:\Windows\System32\PSAPI.DLL
0x00007ffd288d0000 - 0x00007ffd288e0000 	C:\Program Files\Java\jdk-21\bin\verify.dll
0x00007ffd2a530000 - 0x00007ffd2a547000 	C:\Windows\system32\napinsp.dll
0x00007ffd2a510000 - 0x00007ffd2a52b000 	C:\Windows\system32\pnrpnsp.dll
0x00007ffd4ad70000 - 0x00007ffd4ad8d000 	C:\Windows\system32\wshbth.dll
0x00007ffd49a30000 - 0x00007ffd49a4d000 	C:\Windows\system32\NLAapi.dll
0x00007ffd4f610000 - 0x00007ffd4f64b000 	C:\Windows\SYSTEM32\IPHLPAPI.DLL
0x00007ffd4f650000 - 0x00007ffd4f71a000 	C:\Windows\SYSTEM32\DNSAPI.dll
0x00007ffd50c30000 - 0x00007ffd50c38000 	C:\Windows\System32\NSI.dll
0x00007ffd2a4f0000 - 0x00007ffd2a502000 	C:\Windows\System32\winrnr.dll
0x00007ffd49090000 - 0x00007ffd4909a000 	C:\Windows\System32\rasadhlp.dll
0x00007ffd454a0000 - 0x00007ffd45520000 	C:\Windows\System32\fwpuclnt.dll
0x00007ffd4fb60000 - 0x00007ffd4fb78000 	C:\Windows\SYSTEM32\CRYPTSP.dll
0x00007ffd4f240000 - 0x00007ffd4f278000 	C:\Windows\system32\rsaenh.dll
0x00007ffd50190000 - 0x00007ffd501be000 	C:\Windows\SYSTEM32\USERENV.dll
0x00007ffd4fb50000 - 0x00007ffd4fb5c000 	C:\Windows\SYSTEM32\CRYPTBASE.dll
0x00007ffd25680000 - 0x00007ffd2568e000 	C:\Program Files\Java\jdk-21\bin\sunmscapi.dll
0x00007ffd50960000 - 0x00007ffd50abd000 	C:\Windows\System32\CRYPT32.dll
0x00007ffd4fc70000 - 0x00007ffd4fc97000 	C:\Windows\SYSTEM32\ncrypt.dll
0x00007ffd4fc30000 - 0x00007ffd4fc6b000 	C:\Windows\SYSTEM32\NTASN1.dll
0x00007ffd24c00000 - 0x00007ffd24c07000 	C:\Windows\system32\wshunix.dll
0x00007ffd288e0000 - 0x00007ffd288e7000 	C:\Program Files\Java\jdk-21\bin\extnet.dll

dbghelp: loaded successfully - version: 4.0.5 - missing functions: none
symbol engine: initialized successfully - sym options: 0x614 - pdb path: .;C:\Program Files\Java\jdk-21\bin;C:\Windows\SYSTEM32;C:\Windows\WinSxS\amd64_microsoft.windows.common-controls_6595b64144ccf1df_6.0.19041.5915_none_60b4b9d171f9c7c7;C:\Program Files\Java\jdk-21\bin\server

VM Arguments:
java_command: C:\Users\SUREKHA\AppData\Local\Temp\surefire9365766834633896069\surefirebooter-20250703183056858_3.jar C:\Users\SUREKHA\AppData\Local\Temp\surefire9365766834633896069 2025-07-03T18-30-56_300-jvmRun1 surefire-20250703183056858_1tmp surefire_0-20250703183056858_2tmp
java_class_path (initial): C:\Users\SUREKHA\AppData\Local\Temp\surefire9365766834633896069\surefirebooter-20250703183056858_3.jar
Launcher Type: SUN_STANDARD

[Global flags]
     intx CICompilerCount                          = 3                                         {product} {ergonomic}
     uint ConcGCThreads                            = 1                                         {product} {ergonomic}
     uint G1ConcRefinementThreads                  = 4                                         {product} {ergonomic}
   size_t G1HeapRegionSize                         = 1048576                                   {product} {ergonomic}
    uintx GCDrainStackTargetSize                   = 64                                        {product} {ergonomic}
   size_t InitialHeapSize                          = 67108864                                  {product} {ergonomic}
   size_t MarkStackSize                            = 4194304                                   {product} {ergonomic}
   size_t MaxHeapSize                              = 1050673152                                {product} {ergonomic}
   size_t MaxNewSize                               = 630194176                                 {product} {ergonomic}
   size_t MinHeapDeltaBytes                        = 1048576                                   {product} {ergonomic}
   size_t MinHeapSize                              = 8388608                                   {product} {ergonomic}
    uintx NonNMethodCodeHeapSize                   = 5832780                                {pd product} {ergonomic}
    uintx NonProfiledCodeHeapSize                  = 122912730                              {pd product} {ergonomic}
    uintx ProfiledCodeHeapSize                     = 122912730                              {pd product} {ergonomic}
    uintx ReservedCodeCacheSize                    = 251658240                              {pd product} {ergonomic}
     bool SegmentedCodeCache                       = true                                      {product} {ergonomic}
   size_t SoftMaxHeapSize                          = 1050673152                             {manageable} {ergonomic}
     bool UseCompressedOops                        = true                           {product lp64_product} {ergonomic}
     bool UseG1GC                                  = true                                      {product} {ergonomic}
     bool UseLargePagesIndividualAllocation        = false                                  {pd product} {ergonomic}

Logging:
Log output configuration:
 #0: stdout all=warning uptime,level,tags foldmultilines=false
 #1: stderr all=off uptime,level,tags foldmultilines=false

Environment Variables:
JAVA_HOME=C:\Program Files\Java\jdk-21
PATH=C:\Program Files\Common Files\Oracle\Java\javapath;C:\Windows\system32;C:\Windows;C:\Windows\System32\Wbem;C:\Windows\System32\WindowsPowerShell\v1.0\;C:\Windows\System32\OpenSSH\;C:\Program Files (x86)\Microsoft SQL Server\160\DTS\Binn\;C:\Program Files\Azure Data Studio\bin;C:\Program Files (x86)\Microsoft SQL Server\160\Tools\Binn\;C:\Program Files\Microsoft SQL Server\160\Tools\Binn\;C:\Program Files\Microsoft SQL Server\Client SDK\ODBC\170\Tools\Binn\;C:\Program Files\Microsoft SQL Server\160\DTS\Binn\;C:\Program Files\Java\jdk-11\bin;C:\Program Files\nodejs\;C:\Program Files\Git\cmd;C:\Program Files\apache-maven-3.9.10\apache-maven-3.9.6\bin;D:\Surekha\allure download\allure-commandline-2.25.0\allure-2.25.0\bin;C:\webdrivers;C:\Program Files\Docker\Docker\resources\bin;C:\Program Files\Java\jdk-21\bin;C:\Users\SUREKHA\AppData\Local\Programs\Python\Python312;C:\Users\SUREKHA\AppData\Local\Programs\Python\Python312\Scripts;C:\Program Files\apache-maven-3.9.10\bin;C:\Users\SUREKHA\AppData\Local\Programs\Python\Python313\Scripts\;C:\Users\SUREKHA\AppData\Local\Programs\Python\Python313\;C:\Users\SUREKHA\AppData\Local\Programs\Python\Launcher\;C:\Users\SUREKHA\scoop\shims;C:\Program Files\MySQL\MySQL Shell 8.0\bin\;C:\Users\SUREKHA\AppData\Local\Microsoft\WindowsApps;C:\Users\SUREKHA\AppData\Local\Programs\Microsoft VS Code\bin;C:\Program Files\Git\bin\;C:\Program Files\Git\bin\;C:\Program Files\Sublime Text;C:\Program Files\Azure Data Studio\bin;C:\Users\SUREKHA\AppData\Roaming\npm;D:\Surekha\alluredownload\allure-commandline-2.25.0\allure-2.25.0\bin;C:\Users\SUREKHA\AppData\Local\Programs\Python\Python312;C:\Users\SUREKHA\AppData\Local\Programs\Python\Python312\Scripts;;C:\Program Files\JetBrains\PyCharm Community Edition 2025.1\bin;
USERNAME=SUREKHA
OS=Windows_NT
PROCESSOR_IDENTIFIER=Intel64 Family 6 Model 142 Stepping 9, GenuineIntel
TMP=C:\Users\SUREKHA\AppData\Local\Temp
TEMP=C:\Users\SUREKHA\AppData\Local\Temp




Periodic native trim disabled

---------------  S Y S T E M  ---------------

OS:
 Windows 10 , 64 bit Build 19041 (10.0.19041.5915)
OS uptime: 6 days 4:50 hours
Hyper-V role detected

CPU: total 4 (initial active 4) (2 cores per cpu, 2 threads per core) family 6 model 142 stepping 9 microcode 0xde, cx8, cmov, fxsr, ht, mmx, 3dnowpref, sse, sse2, sse3, ssse3, sse4.1, sse4.2, popcnt, lzcnt, tsc, tscinvbit, avx, avx2, aes, erms, clmul, bmi1, bmi2, adx, fma, vzeroupper, clflush, clflushopt, hv, rdtscp, f16c
Processor Information for processor 0
  Max Mhz: 2701, Current Mhz: 2701, Mhz Limit: 2701
Processor Information for processor 1
  Max Mhz: 2701, Current Mhz: 2701, Mhz Limit: 2701
Processor Information for processor 2
  Max Mhz: 2701, Current Mhz: 2701, Mhz Limit: 2701
Processor Information for processor 3
  Max Mhz: 2701, Current Mhz: 1500, Mhz Limit: 2701

Memory: 4k page, system-wide physical 4007M (65M free)
TotalPageFile size 16295M (AvailPageFile size 0M)
current process WorkingSet (physical memory assigned to process): 103M, peak: 123M
current process commit charge ("private bytes"): 159M, peak: 180M

vm_info: Java HotSpot(TM) 64-Bit Server VM (21.0.1+12-LTS-29) for windows-amd64 JRE (21.0.1+12-LTS-29), built on 2023-10-05T13:27:09Z by "mach5one" with MS VC++ 17.1 (VS2022)

END.
